Thread-1 seed: 0
 Command under execution:
 python StressTest.py --request_seed=0 --res_factor=0.0 --bw_factor=0.0 --lat_factor=3.0
Last successful mapping was at 17 test level.

 Command under execution:
 python StressTest.py --request_seed=0 --res_factor=0.1 --bw_factor=0.1 --lat_factor=2.8
Last successful mapping was at 13 test level.

 Command under execution:
 python StressTest.py --request_seed=0 --res_factor=0.2 --bw_factor=0.2 --lat_factor=2.6
Last successful mapping was at 19 test level.

 Command under execution:
 python StressTest.py --request_seed=0 --res_factor=0.3 --bw_factor=0.3 --lat_factor=2.4
Last successful mapping was at 3 test level.

 Command under execution:
 python StressTest.py --request_seed=0 --res_factor=0.4 --bw_factor=0.4 --lat_factor=2.2
Last successful mapping was at 3 test level.

 Command under execution:
 python StressTest.py --request_seed=0 --res_factor=0.5 --bw_factor=0.5 --lat_factor=2.0
Last successful mapping was at 17 test level.

 Command under execution:
 python StressTest.py --request_seed=0 --res_factor=0.6 --bw_factor=0.6 --lat_factor=1.8
Last successful mapping was at 3 test level.

 Command under execution:
 python StressTest.py --request_seed=0 --res_factor=0.7 --bw_factor=0.7 --lat_factor=1.6
Last successful mapping was at 3 test level.

 Command under execution:
 python StressTest.py --request_seed=0 --res_factor=0.8 --bw_factor=0.8 --lat_factor=1.4
Last successful mapping was at 3 test level.

 Command under execution:
 python StressTest.py --request_seed=0 --res_factor=0.9 --bw_factor=0.9 --lat_factor=1.2
Last successful mapping was at 3 test level.

 Command under execution:
 python StressTest.py --request_seed=0 --res_factor=1.0 --bw_factor=1.0 --lat_factor=1.0
Last successful mapping was at 3 test level.

 Command under execution:
 python StressTest.py --request_seed=0 --res_factor=0.0 --lat_factor=0.0 --bw_factor=3.0
Last successful mapping was at 3 test level.

 Command under execution:
 python StressTest.py --request_seed=0 --res_factor=0.1 --lat_factor=0.1 --bw_factor=2.8
Last successful mapping was at 3 test level.

 Command under execution:
 python StressTest.py --request_seed=0 --res_factor=0.2 --lat_factor=0.2 --bw_factor=2.6
Last successful mapping was at 3 test level.

 Command under execution:
 python StressTest.py --request_seed=0 --res_factor=0.3 --lat_factor=0.3 --bw_factor=2.4
Last successful mapping was at 3 test level.

 Command under execution:
 python StressTest.py --request_seed=0 --res_factor=0.4 --lat_factor=0.4 --bw_factor=2.2
Last successful mapping was at 3 test level.

 Command under execution:
 python StressTest.py --request_seed=0 --res_factor=0.5 --lat_factor=0.5 --bw_factor=2.0
Last successful mapping was at 3 test level.

 Command under execution:
 python StressTest.py --request_seed=0 --res_factor=0.6 --lat_factor=0.6 --bw_factor=1.8
Last successful mapping was at 3 test level.

 Command under execution:
 python StressTest.py --request_seed=0 --res_factor=0.7 --lat_factor=0.7 --bw_factor=1.6
Last successful mapping was at 3 test level.

 Command under execution:
 python StressTest.py --request_seed=0 --res_factor=0.8 --lat_factor=0.8 --bw_factor=1.4
Last successful mapping was at 3 test level.

 Command under execution:
 python StressTest.py --request_seed=0 --res_factor=0.9 --lat_factor=0.9 --bw_factor=1.2
Last successful mapping was at 3 test level.

 Command under execution:
 python StressTest.py --request_seed=0 --res_factor=1.0 --lat_factor=1.0 --bw_factor=1.0
Last successful mapping was at 3 test level.

 Command under execution:
 python StressTest.py --request_seed=0 --lat_factor=0.0 --bw_factor=0.0 --res_factor=3.0
Last successful mapping was at 3 test level.

 Command under execution:
 python StressTest.py --request_seed=0 --lat_factor=0.1 --bw_factor=0.1 --res_factor=2.8
Last successful mapping was at 3 test level.

 Command under execution:
 python StressTest.py --request_seed=0 --lat_factor=0.2 --bw_factor=0.2 --res_factor=2.6
Last successful mapping was at 3 test level.

 Command under execution:
 python StressTest.py --request_seed=0 --lat_factor=0.3 --bw_factor=0.3 --res_factor=2.4
Last successful mapping was at 3 test level.

 Command under execution:
 python StressTest.py --request_seed=0 --lat_factor=0.4 --bw_factor=0.4 --res_factor=2.2
Last successful mapping was at 3 test level.

 Command under execution:
 python StressTest.py --request_seed=0 --lat_factor=0.5 --bw_factor=0.5 --res_factor=2.0
Last successful mapping was at 3 test level.

 Command under execution:
 python StressTest.py --request_seed=0 --lat_factor=0.6 --bw_factor=0.6 --res_factor=1.8
Last successful mapping was at 3 test level.

 Command under execution:
 python StressTest.py --request_seed=0 --lat_factor=0.7 --bw_factor=0.7 --res_factor=1.6
Last successful mapping was at 3 test level.

 Command under execution:
 python StressTest.py --request_seed=0 --lat_factor=0.8 --bw_factor=0.8 --res_factor=1.4
Last successful mapping was at 3 test level.

 Command under execution:
 python StressTest.py --request_seed=0 --lat_factor=0.9 --bw_factor=0.9 --res_factor=1.2
Last successful mapping was at 3 test level.

 Command under execution:
 python StressTest.py --request_seed=0 --lat_factor=1.0 --bw_factor=1.0 --res_factor=1.0
Last successful mapping was at 3 test level.

 Command under execution:
 python StressTest.py --vnf_sharing=0.3 --request_seed=0 --res_factor=0.0 --bw_factor=0.0 --lat_factor=3.0
Last successful mapping was at 19 test level.

 Command under execution:
 python StressTest.py --vnf_sharing=0.3 --request_seed=0 --res_factor=0.1 --bw_factor=0.1 --lat_factor=2.8
Last successful mapping was at 19 test level.

 Command under execution:
 python StressTest.py --vnf_sharing=0.3 --request_seed=0 --res_factor=0.2 --bw_factor=0.2 --lat_factor=2.6
Last successful mapping was at 19 test level.

 Command under execution:
 python StressTest.py --vnf_sharing=0.3 --request_seed=0 --res_factor=0.3 --bw_factor=0.3 --lat_factor=2.4
Last successful mapping was at 19 test level.

 Command under execution:
 python StressTest.py --vnf_sharing=0.3 --request_seed=0 --res_factor=0.4 --bw_factor=0.4 --lat_factor=2.2
Last successful mapping was at 13 test level.

 Command under execution:
 python StressTest.py --vnf_sharing=0.3 --request_seed=0 --res_factor=0.5 --bw_factor=0.5 --lat_factor=2.0
Last successful mapping was at 13 test level.

 Command under execution:
 python StressTest.py --vnf_sharing=0.3 --request_seed=0 --res_factor=0.6 --bw_factor=0.6 --lat_factor=1.8
Last successful mapping was at 13 test level.

 Command under execution:
 python StressTest.py --vnf_sharing=0.3 --request_seed=0 --res_factor=0.7 --bw_factor=0.7 --lat_factor=1.6
Last successful mapping was at 13 test level.

 Command under execution:
 python StressTest.py --vnf_sharing=0.3 --request_seed=0 --res_factor=0.8 --bw_factor=0.8 --lat_factor=1.4
Last successful mapping was at 13 test level.

 Command under execution:
 python StressTest.py --vnf_sharing=0.3 --request_seed=0 --res_factor=0.9 --bw_factor=0.9 --lat_factor=1.2
Last successful mapping was at 13 test level.

 Command under execution:
 python StressTest.py --vnf_sharing=0.3 --request_seed=0 --res_factor=1.0 --bw_factor=1.0 --lat_factor=1.0
Last successful mapping was at 13 test level.

 Command under execution:
 python StressTest.py --vnf_sharing=0.3 --request_seed=0 --res_factor=0.0 --lat_factor=0.0 --bw_factor=3.0
Last successful mapping was at 13 test level.

 Command under execution:
 python StressTest.py --vnf_sharing=0.3 --request_seed=0 --res_factor=0.1 --lat_factor=0.1 --bw_factor=2.8
Last successful mapping was at 13 test level.

 Command under execution:
 python StressTest.py --vnf_sharing=0.3 --request_seed=0 --res_factor=0.2 --lat_factor=0.2 --bw_factor=2.6
Last successful mapping was at 13 test level.

 Command under execution:
 python StressTest.py --vnf_sharing=0.3 --request_seed=0 --res_factor=0.3 --lat_factor=0.3 --bw_factor=2.4
Last successful mapping was at 13 test level.

 Command under execution:
 python StressTest.py --vnf_sharing=0.3 --request_seed=0 --res_factor=0.4 --lat_factor=0.4 --bw_factor=2.2
Last successful mapping was at 13 test level.

 Command under execution:
 python StressTest.py --vnf_sharing=0.3 --request_seed=0 --res_factor=0.5 --lat_factor=0.5 --bw_factor=2.0
Last successful mapping was at 13 test level.

 Command under execution:
 python StressTest.py --vnf_sharing=0.3 --request_seed=0 --res_factor=0.6 --lat_factor=0.6 --bw_factor=1.8
Last successful mapping was at 13 test level.

 Command under execution:
 python StressTest.py --vnf_sharing=0.3 --request_seed=0 --res_factor=0.7 --lat_factor=0.7 --bw_factor=1.6
Last successful mapping was at 13 test level.

 Command under execution:
 python StressTest.py --vnf_sharing=0.3 --request_seed=0 --res_factor=0.8 --lat_factor=0.8 --bw_factor=1.4
Last successful mapping was at 13 test level.

 Command under execution:
 python StressTest.py --vnf_sharing=0.3 --request_seed=0 --res_factor=0.9 --lat_factor=0.9 --bw_factor=1.2
Last successful mapping was at 13 test level.

 Command under execution:
 python StressTest.py --vnf_sharing=0.3 --request_seed=0 --res_factor=1.0 --lat_factor=1.0 --bw_factor=1.0
Last successful mapping was at 13 test level.

 Command under execution:
 python StressTest.py --vnf_sharing=0.3 --request_seed=0 --lat_factor=0.0 --bw_factor=0.0 --res_factor=3.0
Last successful mapping was at 13 test level.

 Command under execution:
 python StressTest.py --vnf_sharing=0.3 --request_seed=0 --lat_factor=0.1 --bw_factor=0.1 --res_factor=2.8
Last successful mapping was at 13 test level.

 Command under execution:
 python StressTest.py --vnf_sharing=0.3 --request_seed=0 --lat_factor=0.2 --bw_factor=0.2 --res_factor=2.6
Last successful mapping was at 13 test level.

 Command under execution:
 python StressTest.py --vnf_sharing=0.3 --request_seed=0 --lat_factor=0.3 --bw_factor=0.3 --res_factor=2.4
Last successful mapping was at 13 test level.

 Command under execution:
 python StressTest.py --vnf_sharing=0.3 --request_seed=0 --lat_factor=0.4 --bw_factor=0.4 --res_factor=2.2
Last successful mapping was at 13 test level.

 Command under execution:
 python StressTest.py --vnf_sharing=0.3 --request_seed=0 --lat_factor=0.5 --bw_factor=0.5 --res_factor=2.0
Last successful mapping was at 13 test level.

 Command under execution:
 python StressTest.py --vnf_sharing=0.3 --request_seed=0 --lat_factor=0.6 --bw_factor=0.6 --res_factor=1.8
Last successful mapping was at 13 test level.

 Command under execution:
 python StressTest.py --vnf_sharing=0.3 --request_seed=0 --lat_factor=0.7 --bw_factor=0.7 --res_factor=1.6
Last successful mapping was at 13 test level.

 Command under execution:
 python StressTest.py --vnf_sharing=0.3 --request_seed=0 --lat_factor=0.8 --bw_factor=0.8 --res_factor=1.4
Last successful mapping was at 13 test level.

 Command under execution:
 python StressTest.py --vnf_sharing=0.3 --request_seed=0 --lat_factor=0.9 --bw_factor=0.9 --res_factor=1.2
Last successful mapping was at 13 test level.

 Command under execution:
 python StressTest.py --vnf_sharing=0.3 --request_seed=0 --lat_factor=1.0 --bw_factor=1.0 --res_factor=1.0
Last successful mapping was at 13 test level.

 Command under execution:
 python StressTest.py --loops --request_seed=0 --res_factor=0.0 --bw_factor=0.0 --lat_factor=3.0
Last successful mapping was at 21 test level.

 Command under execution:
 python StressTest.py --loops --request_seed=0 --res_factor=0.1 --bw_factor=0.1 --lat_factor=2.8
Last successful mapping was at 19 test level.

 Command under execution:
 python StressTest.py --loops --request_seed=0 --res_factor=0.2 --bw_factor=0.2 --lat_factor=2.6
Last successful mapping was at 13 test level.

 Command under execution:
 python StressTest.py --loops --request_seed=0 --res_factor=0.3 --bw_factor=0.3 --lat_factor=2.4
Last successful mapping was at 3 test level.

 Command under execution:
 python StressTest.py --loops --request_seed=0 --res_factor=0.4 --bw_factor=0.4 --lat_factor=2.2
Last successful mapping was at 3 test level.

 Command under execution:
 python StressTest.py --loops --request_seed=0 --res_factor=0.5 --bw_factor=0.5 --lat_factor=2.0
Last successful mapping was at 19 test level.

 Command under execution:
 python StressTest.py --loops --request_seed=0 --res_factor=0.6 --bw_factor=0.6 --lat_factor=1.8
Last successful mapping was at 3 test level.

 Command under execution:
 python StressTest.py --loops --request_seed=0 --res_factor=0.7 --bw_factor=0.7 --lat_factor=1.6
Last successful mapping was at 3 test level.

 Command under execution:
 python StressTest.py --loops --request_seed=0 --res_factor=0.8 --bw_factor=0.8 --lat_factor=1.4
Last successful mapping was at 3 test level.

 Command under execution:
 python StressTest.py --loops --request_seed=0 --res_factor=0.9 --bw_factor=0.9 --lat_factor=1.2
Last successful mapping was at 3 test level.

 Command under execution:
 python StressTest.py --loops --request_seed=0 --res_factor=1.0 --bw_factor=1.0 --lat_factor=1.0
Last successful mapping was at 3 test level.

 Command under execution:
 python StressTest.py --loops --request_seed=0 --res_factor=0.0 --lat_factor=0.0 --bw_factor=3.0
Last successful mapping was at 3 test level.

 Command under execution:
 python StressTest.py --loops --request_seed=0 --res_factor=0.1 --lat_factor=0.1 --bw_factor=2.8
Last successful mapping was at 3 test level.

 Command under execution:
 python StressTest.py --loops --request_seed=0 --res_factor=0.2 --lat_factor=0.2 --bw_factor=2.6
Last successful mapping was at 3 test level.

 Command under execution:
 python StressTest.py --loops --request_seed=0 --res_factor=0.3 --lat_factor=0.3 --bw_factor=2.4
Last successful mapping was at 3 test level.

 Command under execution:
 python StressTest.py --loops --request_seed=0 --res_factor=0.4 --lat_factor=0.4 --bw_factor=2.2
Last successful mapping was at 3 test level.

 Command under execution:
 python StressTest.py --loops --request_seed=0 --res_factor=0.5 --lat_factor=0.5 --bw_factor=2.0
Last successful mapping was at 3 test level.

 Command under execution:
 python StressTest.py --loops --request_seed=0 --res_factor=0.6 --lat_factor=0.6 --bw_factor=1.8
Last successful mapping was at 3 test level.

 Command under execution:
 python StressTest.py --loops --request_seed=0 --res_factor=0.7 --lat_factor=0.7 --bw_factor=1.6
Last successful mapping was at 3 test level.

 Command under execution:
 python StressTest.py --loops --request_seed=0 --res_factor=0.8 --lat_factor=0.8 --bw_factor=1.4
Last successful mapping was at 3 test level.

 Command under execution:
 python StressTest.py --loops --request_seed=0 --res_factor=0.9 --lat_factor=0.9 --bw_factor=1.2
Last successful mapping was at 3 test level.

 Command under execution:
 python StressTest.py --loops --request_seed=0 --res_factor=1.0 --lat_factor=1.0 --bw_factor=1.0
Last successful mapping was at 3 test level.

 Command under execution:
 python StressTest.py --loops --request_seed=0 --lat_factor=0.0 --bw_factor=0.0 --res_factor=3.0
Last successful mapping was at 3 test level.

 Command under execution:
 python StressTest.py --loops --request_seed=0 --lat_factor=0.1 --bw_factor=0.1 --res_factor=2.8
Last successful mapping was at 3 test level.

 Command under execution:
 python StressTest.py --loops --request_seed=0 --lat_factor=0.2 --bw_factor=0.2 --res_factor=2.6
Last successful mapping was at 3 test level.

 Command under execution:
 python StressTest.py --loops --request_seed=0 --lat_factor=0.3 --bw_factor=0.3 --res_factor=2.4
Last successful mapping was at 3 test level.

 Command under execution:
 python StressTest.py --loops --request_seed=0 --lat_factor=0.4 --bw_factor=0.4 --res_factor=2.2
Last successful mapping was at 3 test level.

 Command under execution:
 python StressTest.py --loops --request_seed=0 --lat_factor=0.5 --bw_factor=0.5 --res_factor=2.0
Last successful mapping was at 3 test level.

 Command under execution:
 python StressTest.py --loops --request_seed=0 --lat_factor=0.6 --bw_factor=0.6 --res_factor=1.8
Last successful mapping was at 3 test level.

 Command under execution:
 python StressTest.py --loops --request_seed=0 --lat_factor=0.7 --bw_factor=0.7 --res_factor=1.6
Last successful mapping was at 3 test level.

 Command under execution:
 python StressTest.py --loops --request_seed=0 --lat_factor=0.8 --bw_factor=0.8 --res_factor=1.4
Last successful mapping was at 3 test level.

 Command under execution:
 python StressTest.py --loops --request_seed=0 --lat_factor=0.9 --bw_factor=0.9 --res_factor=1.2
Last successful mapping was at 3 test level.

 Command under execution:
 python StressTest.py --loops --request_seed=0 --lat_factor=1.0 --bw_factor=1.0 --res_factor=1.0
Last successful mapping was at 3 test level.
