This is pdfTeX, Version 3.14159265-2.6-1.40.15 (TeX Live 2015/dev/Debian) (preloaded format=pdflatex 2015.5.18)  29 JUN 2015 18:41
entering extended mode
 restricted \write18 enabled.
 %&-line parsing enabled.
**ESCAPEv2.tex
(./ESCAPEv2.tex
LaTeX2e <2014/05/01>
Babel <3.9l> and hyphenation patterns for 2 languages loaded.
(./sphinxmanual.cls
Document Class: sphinxmanual 2009/06/02 Document class (Sphinx manual)
(/usr/share/texlive/texmf-dist/tex/latex/base/report.cls
Document Class: report 2014/09/29 v1.4h Standard LaTeX document class
(/usr/share/texlive/texmf-dist/tex/latex/base/size10.clo
File: size10.clo 2014/09/29 v1.4h Standard LaTeX file (size option)
)
\c@part=\count79
\c@chapter=\count80
\c@section=\count81
\c@subsection=\count82
\c@subsubsection=\count83
\c@paragraph=\count84
\c@subparagraph=\count85
\c@figure=\count86
\c@table=\count87
\abovecaptionskip=\skip41
\belowcaptionskip=\skip42
\bibindent=\dimen102
))
(/usr/share/texlive/texmf-dist/tex/latex/base/inputenc.sty
Package: inputenc 2014/04/30 v1.2b Input encoding file
\inpenc@prehook=\toks14
\inpenc@posthook=\toks15

(/usr/share/texlive/texmf-dist/tex/latex/base/utf8.def
File: utf8.def 2014/09/29 v1.1m UTF-8 support for inputenc
Now handling font encoding OML ...
... no UTF-8 mapping file for font encoding OML
Now handling font encoding T1 ...
... processing UTF-8 mapping file for font encoding T1

(/usr/share/texlive/texmf-dist/tex/latex/base/t1enc.dfu
File: t1enc.dfu 2014/09/29 v1.1m UTF-8 support for inputenc
   defining Unicode char U+00A1 (decimal 161)
   defining Unicode char U+00A3 (decimal 163)
   defining Unicode char U+00AB (decimal 171)
   defining Unicode char U+00BB (decimal 187)
   defining Unicode char U+00BF (decimal 191)
   defining Unicode char U+00C0 (decimal 192)
   defining Unicode char U+00C1 (decimal 193)
   defining Unicode char U+00C2 (decimal 194)
   defining Unicode char U+00C3 (decimal 195)
   defining Unicode char U+00C4 (decimal 196)
   defining Unicode char U+00C5 (decimal 197)
   defining Unicode char U+00C6 (decimal 198)
   defining Unicode char U+00C7 (decimal 199)
   defining Unicode char U+00C8 (decimal 200)
   defining Unicode char U+00C9 (decimal 201)
   defining Unicode char U+00CA (decimal 202)
   defining Unicode char U+00CB (decimal 203)
   defining Unicode char U+00CC (decimal 204)
   defining Unicode char U+00CD (decimal 205)
   defining Unicode char U+00CE (decimal 206)
   defining Unicode char U+00CF (decimal 207)
   defining Unicode char U+00D0 (decimal 208)
   defining Unicode char U+00D1 (decimal 209)
   defining Unicode char U+00D2 (decimal 210)
   defining Unicode char U+00D3 (decimal 211)
   defining Unicode char U+00D4 (decimal 212)
   defining Unicode char U+00D5 (decimal 213)
   defining Unicode char U+00D6 (decimal 214)
   defining Unicode char U+00D8 (decimal 216)
   defining Unicode char U+00D9 (decimal 217)
   defining Unicode char U+00DA (decimal 218)
   defining Unicode char U+00DB (decimal 219)
   defining Unicode char U+00DC (decimal 220)
   defining Unicode char U+00DD (decimal 221)
   defining Unicode char U+00DE (decimal 222)
   defining Unicode char U+00DF (decimal 223)
   defining Unicode char U+00E0 (decimal 224)
   defining Unicode char U+00E1 (decimal 225)
   defining Unicode char U+00E2 (decimal 226)
   defining Unicode char U+00E3 (decimal 227)
   defining Unicode char U+00E4 (decimal 228)
   defining Unicode char U+00E5 (decimal 229)
   defining Unicode char U+00E6 (decimal 230)
   defining Unicode char U+00E7 (decimal 231)
   defining Unicode char U+00E8 (decimal 232)
   defining Unicode char U+00E9 (decimal 233)
   defining Unicode char U+00EA (decimal 234)
   defining Unicode char U+00EB (decimal 235)
   defining Unicode char U+00EC (decimal 236)
   defining Unicode char U+00ED (decimal 237)
   defining Unicode char U+00EE (decimal 238)
   defining Unicode char U+00EF (decimal 239)
   defining Unicode char U+00F0 (decimal 240)
   defining Unicode char U+00F1 (decimal 241)
   defining Unicode char U+00F2 (decimal 242)
   defining Unicode char U+00F3 (decimal 243)
   defining Unicode char U+00F4 (decimal 244)
   defining Unicode char U+00F5 (decimal 245)
   defining Unicode char U+00F6 (decimal 246)
   defining Unicode char U+00F8 (decimal 248)
   defining Unicode char U+00F9 (decimal 249)
   defining Unicode char U+00FA (decimal 250)
   defining Unicode char U+00FB (decimal 251)
   defining Unicode char U+00FC (decimal 252)
   defining Unicode char U+00FD (decimal 253)
   defining Unicode char U+00FE (decimal 254)
   defining Unicode char U+00FF (decimal 255)
   defining Unicode char U+0102 (decimal 258)
   defining Unicode char U+0103 (decimal 259)
   defining Unicode char U+0104 (decimal 260)
   defining Unicode char U+0105 (decimal 261)
   defining Unicode char U+0106 (decimal 262)
   defining Unicode char U+0107 (decimal 263)
   defining Unicode char U+010C (decimal 268)
   defining Unicode char U+010D (decimal 269)
   defining Unicode char U+010E (decimal 270)
   defining Unicode char U+010F (decimal 271)
   defining Unicode char U+0110 (decimal 272)
   defining Unicode char U+0111 (decimal 273)
   defining Unicode char U+0118 (decimal 280)
   defining Unicode char U+0119 (decimal 281)
   defining Unicode char U+011A (decimal 282)
   defining Unicode char U+011B (decimal 283)
   defining Unicode char U+011E (decimal 286)
   defining Unicode char U+011F (decimal 287)
   defining Unicode char U+0130 (decimal 304)
   defining Unicode char U+0131 (decimal 305)
   defining Unicode char U+0132 (decimal 306)
   defining Unicode char U+0133 (decimal 307)
   defining Unicode char U+0139 (decimal 313)
   defining Unicode char U+013A (decimal 314)
   defining Unicode char U+013D (decimal 317)
   defining Unicode char U+013E (decimal 318)
   defining Unicode char U+0141 (decimal 321)
   defining Unicode char U+0142 (decimal 322)
   defining Unicode char U+0143 (decimal 323)
   defining Unicode char U+0144 (decimal 324)
   defining Unicode char U+0147 (decimal 327)
   defining Unicode char U+0148 (decimal 328)
   defining Unicode char U+014A (decimal 330)
   defining Unicode char U+014B (decimal 331)
   defining Unicode char U+0150 (decimal 336)
   defining Unicode char U+0151 (decimal 337)
   defining Unicode char U+0152 (decimal 338)
   defining Unicode char U+0153 (decimal 339)
   defining Unicode char U+0154 (decimal 340)
   defining Unicode char U+0155 (decimal 341)
   defining Unicode char U+0158 (decimal 344)
   defining Unicode char U+0159 (decimal 345)
   defining Unicode char U+015A (decimal 346)
   defining Unicode char U+015B (decimal 347)
   defining Unicode char U+015E (decimal 350)
   defining Unicode char U+015F (decimal 351)
   defining Unicode char U+0160 (decimal 352)
   defining Unicode char U+0161 (decimal 353)
   defining Unicode char U+0162 (decimal 354)
   defining Unicode char U+0163 (decimal 355)
   defining Unicode char U+0164 (decimal 356)
   defining Unicode char U+0165 (decimal 357)
   defining Unicode char U+016E (decimal 366)
   defining Unicode char U+016F (decimal 367)
   defining Unicode char U+0170 (decimal 368)
   defining Unicode char U+0171 (decimal 369)
   defining Unicode char U+0178 (decimal 376)
   defining Unicode char U+0179 (decimal 377)
   defining Unicode char U+017A (decimal 378)
   defining Unicode char U+017B (decimal 379)
   defining Unicode char U+017C (decimal 380)
   defining Unicode char U+017D (decimal 381)
   defining Unicode char U+017E (decimal 382)
   defining Unicode char U+200C (decimal 8204)
   defining Unicode char U+2013 (decimal 8211)
   defining Unicode char U+2014 (decimal 8212)
   defining Unicode char U+2018 (decimal 8216)
   defining Unicode char U+2019 (decimal 8217)
   defining Unicode char U+201A (decimal 8218)
   defining Unicode char U+201C (decimal 8220)
   defining Unicode char U+201D (decimal 8221)
   defining Unicode char U+201E (decimal 8222)
   defining Unicode char U+2030 (decimal 8240)
   defining Unicode char U+2031 (decimal 8241)
   defining Unicode char U+2039 (decimal 8249)
   defining Unicode char U+203A (decimal 8250)
   defining Unicode char U+2423 (decimal 9251)
)
Now handling font encoding OT1 ...
... processing UTF-8 mapping file for font encoding OT1

(/usr/share/texlive/texmf-dist/tex/latex/base/ot1enc.dfu
File: ot1enc.dfu 2014/09/29 v1.1m UTF-8 support for inputenc
   defining Unicode char U+00A1 (decimal 161)
   defining Unicode char U+00A3 (decimal 163)
   defining Unicode char U+00B8 (decimal 184)
   defining Unicode char U+00BF (decimal 191)
   defining Unicode char U+00C5 (decimal 197)
   defining Unicode char U+00C6 (decimal 198)
   defining Unicode char U+00D8 (decimal 216)
   defining Unicode char U+00DF (decimal 223)
   defining Unicode char U+00E6 (decimal 230)
   defining Unicode char U+00EC (decimal 236)
   defining Unicode char U+00ED (decimal 237)
   defining Unicode char U+00EE (decimal 238)
   defining Unicode char U+00EF (decimal 239)
   defining Unicode char U+00F8 (decimal 248)
   defining Unicode char U+0131 (decimal 305)
   defining Unicode char U+0141 (decimal 321)
   defining Unicode char U+0142 (decimal 322)
   defining Unicode char U+0152 (decimal 338)
   defining Unicode char U+0153 (decimal 339)
   defining Unicode char U+2013 (decimal 8211)
   defining Unicode char U+2014 (decimal 8212)
   defining Unicode char U+2018 (decimal 8216)
   defining Unicode char U+2019 (decimal 8217)
   defining Unicode char U+201C (decimal 8220)
   defining Unicode char U+201D (decimal 8221)
)
Now handling font encoding OMS ...
... processing UTF-8 mapping file for font encoding OMS

(/usr/share/texlive/texmf-dist/tex/latex/base/omsenc.dfu
File: omsenc.dfu 2014/09/29 v1.1m UTF-8 support for inputenc
   defining Unicode char U+00A7 (decimal 167)
   defining Unicode char U+00B6 (decimal 182)
   defining Unicode char U+00B7 (decimal 183)
   defining Unicode char U+2020 (decimal 8224)
   defining Unicode char U+2021 (decimal 8225)
   defining Unicode char U+2022 (decimal 8226)
)
Now handling font encoding OMX ...
... no UTF-8 mapping file for font encoding OMX
Now handling font encoding U ...
... no UTF-8 mapping file for font encoding U
   defining Unicode char U+00A9 (decimal 169)
   defining Unicode char U+00AA (decimal 170)
   defining Unicode char U+00AE (decimal 174)
   defining Unicode char U+00BA (decimal 186)
   defining Unicode char U+02C6 (decimal 710)
   defining Unicode char U+02DC (decimal 732)
   defining Unicode char U+200C (decimal 8204)
   defining Unicode char U+2026 (decimal 8230)
   defining Unicode char U+2122 (decimal 8482)
   defining Unicode char U+2423 (decimal 9251)
))
   defining Unicode char U+00A0 (decimal 160)

(/usr/share/texlive/texmf-dist/tex/latex/cmap/cmap.sty
Package: cmap 2008/03/06 v1.0h CMap support: searchable PDF
)
(/usr/share/texlive/texmf-dist/tex/latex/base/fontenc.sty
Package: fontenc 2005/09/27 v1.99g Standard LaTeX package

(/usr/share/texlive/texmf-dist/tex/latex/base/t1enc.def
File: t1enc.def 2005/09/27 v1.99g Standard LaTeX file
LaTeX Font Info:    Redeclaring font encoding T1 on input line 43.
)<<t1.cmap>>)
(/usr/share/texlive/texmf-dist/tex/generic/babel/babel.sty
Package: babel 2014/09/25 3.9l The Babel package

(/usr/share/texlive/texmf-dist/tex/generic/babel-english/english.ldf
Language: english 2012/08/20 v3.3p English support from the babel system

(/usr/share/texlive/texmf-dist/tex/generic/babel/babel.def
File: babel.def 2014/09/25 3.9l Babel common definitions
\babel@savecnt=\count88
\U@D=\dimen103
)
\l@british = a dialect from \language\l@english 
\l@UKenglish = a dialect from \language\l@english 
\l@canadian = a dialect from \language\l@american 
\l@australian = a dialect from \language\l@british 
\l@newzealand = a dialect from \language\l@british 
))
(/usr/share/texlive/texmf-dist/tex/latex/psnfss/times.sty
Package: times 2005/04/12 PSNFSS-v9.2a (SPQR) 
) (./fncychap.sty
Package: fncychap 2007/07/30 v1.34 LaTeX package (Revised chapters)
\RW=\skip43
\mylen=\skip44
\myhi=\skip45
\px=\skip46
\py=\skip47
\pyy=\skip48
\pxx=\skip49
)
(/usr/share/texlive/texmf-dist/tex/latex/tools/longtable.sty
Package: longtable 2014/10/28 v4.11 Multi-page Table package (DPC)
\LTleft=\skip50
\LTright=\skip51
\LTpre=\skip52
\LTpost=\skip53
\LTchunksize=\count89
\LTcapwidth=\dimen104
\LT@head=\box26
\LT@firsthead=\box27
\LT@foot=\box28
\LT@lastfoot=\box29
\LT@cols=\count90
\LT@rows=\count91
\c@LT@tables=\count92
\c@LT@chunks=\count93
\LT@p@ftn=\toks16
) (./sphinx.sty
Package: sphinx 2010/01/15 LaTeX package (Sphinx markup)

(/usr/share/texlive/texmf-dist/tex/latex/fancyhdr/fancyhdr.sty
\fancy@headwidth=\skip54
\f@ncyO@elh=\skip55
\f@ncyO@erh=\skip56
\f@ncyO@olh=\skip57
\f@ncyO@orh=\skip58
\f@ncyO@elf=\skip59
\f@ncyO@erf=\skip60
\f@ncyO@olf=\skip61
\f@ncyO@orf=\skip62
)
(/usr/share/texlive/texmf-dist/tex/latex/base/textcomp.sty
Package: textcomp 2005/09/27 v1.99g Standard LaTeX package
Package textcomp Info: Sub-encoding information:
(textcomp)               5 = only ISO-Adobe without \textcurrency
(textcomp)               4 = 5 + \texteuro
(textcomp)               3 = 4 + \textohm
(textcomp)               2 = 3 + \textestimated + \textcurrency
(textcomp)               1 = TS1 - \textcircled - \t
(textcomp)               0 = TS1 (full)
(textcomp)             Font families with sub-encoding setting implement
(textcomp)             only a restricted character set as indicated.
(textcomp)             Family '?' is the default used for unknown fonts.
(textcomp)             See the documentation for details.
Package textcomp Info: Setting ? sub-encoding to TS1/1 on input line 71.

(/usr/share/texlive/texmf-dist/tex/latex/base/ts1enc.def
File: ts1enc.def 2001/06/05 v3.0e (jk/car/fm) Standard LaTeX file
Now handling font encoding TS1 ...
... processing UTF-8 mapping file for font encoding TS1

(/usr/share/texlive/texmf-dist/tex/latex/base/ts1enc.dfu
File: ts1enc.dfu 2014/09/29 v1.1m UTF-8 support for inputenc
   defining Unicode char U+00A2 (decimal 162)
   defining Unicode char U+00A3 (decimal 163)
   defining Unicode char U+00A4 (decimal 164)
   defining Unicode char U+00A5 (decimal 165)
   defining Unicode char U+00A6 (decimal 166)
   defining Unicode char U+00A7 (decimal 167)
   defining Unicode char U+00A8 (decimal 168)
   defining Unicode char U+00A9 (decimal 169)
   defining Unicode char U+00AA (decimal 170)
   defining Unicode char U+00AC (decimal 172)
   defining Unicode char U+00AE (decimal 174)
   defining Unicode char U+00AF (decimal 175)
   defining Unicode char U+00B0 (decimal 176)
   defining Unicode char U+00B1 (decimal 177)
   defining Unicode char U+00B2 (decimal 178)
   defining Unicode char U+00B3 (decimal 179)
   defining Unicode char U+00B4 (decimal 180)
   defining Unicode char U+00B5 (decimal 181)
   defining Unicode char U+00B6 (decimal 182)
   defining Unicode char U+00B7 (decimal 183)
   defining Unicode char U+00B9 (decimal 185)
   defining Unicode char U+00BA (decimal 186)
   defining Unicode char U+00BC (decimal 188)
   defining Unicode char U+00BD (decimal 189)
   defining Unicode char U+00BE (decimal 190)
   defining Unicode char U+00D7 (decimal 215)
   defining Unicode char U+00F7 (decimal 247)
   defining Unicode char U+0192 (decimal 402)
   defining Unicode char U+02C7 (decimal 711)
   defining Unicode char U+02D8 (decimal 728)
   defining Unicode char U+02DD (decimal 733)
   defining Unicode char U+0E3F (decimal 3647)
   defining Unicode char U+2016 (decimal 8214)
   defining Unicode char U+2020 (decimal 8224)
   defining Unicode char U+2021 (decimal 8225)
   defining Unicode char U+2022 (decimal 8226)
   defining Unicode char U+2030 (decimal 8240)
   defining Unicode char U+2031 (decimal 8241)
   defining Unicode char U+203B (decimal 8251)
   defining Unicode char U+203D (decimal 8253)
   defining Unicode char U+2044 (decimal 8260)
   defining Unicode char U+204E (decimal 8270)
   defining Unicode char U+2052 (decimal 8274)
   defining Unicode char U+20A1 (decimal 8353)
   defining Unicode char U+20A4 (decimal 8356)
   defining Unicode char U+20A6 (decimal 8358)
   defining Unicode char U+20A9 (decimal 8361)
   defining Unicode char U+20AB (decimal 8363)
   defining Unicode char U+20AC (decimal 8364)
   defining Unicode char U+20B1 (decimal 8369)
   defining Unicode char U+2103 (decimal 8451)
   defining Unicode char U+2116 (decimal 8470)
   defining Unicode char U+2117 (decimal 8471)
   defining Unicode char U+211E (decimal 8478)
   defining Unicode char U+2120 (decimal 8480)
   defining Unicode char U+2122 (decimal 8482)
   defining Unicode char U+2126 (decimal 8486)
   defining Unicode char U+2127 (decimal 8487)
   defining Unicode char U+212E (decimal 8494)
   defining Unicode char U+2190 (decimal 8592)
   defining Unicode char U+2191 (decimal 8593)
   defining Unicode char U+2192 (decimal 8594)
   defining Unicode char U+2193 (decimal 8595)
   defining Unicode char U+2329 (decimal 9001)
   defining Unicode char U+232A (decimal 9002)
   defining Unicode char U+2422 (decimal 9250)
   defining Unicode char U+25E6 (decimal 9702)
   defining Unicode char U+25EF (decimal 9711)
   defining Unicode char U+266A (decimal 9834)
))
LaTeX Info: Redefining \oldstylenums on input line 266.
Package textcomp Info: Setting cmr sub-encoding to TS1/0 on input line 281.
Package textcomp Info: Setting cmss sub-encoding to TS1/0 on input line 282.
Package textcomp Info: Setting cmtt sub-encoding to TS1/0 on input line 283.
Package textcomp Info: Setting cmvtt sub-encoding to TS1/0 on input line 284.
Package textcomp Info: Setting cmbr sub-encoding to TS1/0 on input line 285.
Package textcomp Info: Setting cmtl sub-encoding to TS1/0 on input line 286.
Package textcomp Info: Setting ccr sub-encoding to TS1/0 on input line 287.
Package textcomp Info: Setting ptm sub-encoding to TS1/4 on input line 288.
Package textcomp Info: Setting pcr sub-encoding to TS1/4 on input line 289.
Package textcomp Info: Setting phv sub-encoding to TS1/4 on input line 290.
Package textcomp Info: Setting ppl sub-encoding to TS1/3 on input line 291.
Package textcomp Info: Setting pag sub-encoding to TS1/4 on input line 292.
Package textcomp Info: Setting pbk sub-encoding to TS1/4 on input line 293.
Package textcomp Info: Setting pnc sub-encoding to TS1/4 on input line 294.
Package textcomp Info: Setting pzc sub-encoding to TS1/4 on input line 295.
Package textcomp Info: Setting bch sub-encoding to TS1/4 on input line 296.
Package textcomp Info: Setting put sub-encoding to TS1/5 on input line 297.
Package textcomp Info: Setting uag sub-encoding to TS1/5 on input line 298.
Package textcomp Info: Setting ugq sub-encoding to TS1/5 on input line 299.
Package textcomp Info: Setting ul8 sub-encoding to TS1/4 on input line 300.
Package textcomp Info: Setting ul9 sub-encoding to TS1/4 on input line 301.
Package textcomp Info: Setting augie sub-encoding to TS1/5 on input line 302.
Package textcomp Info: Setting dayrom sub-encoding to TS1/3 on input line 303.
Package textcomp Info: Setting dayroms sub-encoding to TS1/3 on input line 304.

Package textcomp Info: Setting pxr sub-encoding to TS1/0 on input line 305.
Package textcomp Info: Setting pxss sub-encoding to TS1/0 on input line 306.
Package textcomp Info: Setting pxtt sub-encoding to TS1/0 on input line 307.
Package textcomp Info: Setting txr sub-encoding to TS1/0 on input line 308.
Package textcomp Info: Setting txss sub-encoding to TS1/0 on input line 309.
Package textcomp Info: Setting txtt sub-encoding to TS1/0 on input line 310.
Package textcomp Info: Setting lmr sub-encoding to TS1/0 on input line 311.
Package textcomp Info: Setting lmdh sub-encoding to TS1/0 on input line 312.
Package textcomp Info: Setting lmss sub-encoding to TS1/0 on input line 313.
Package textcomp Info: Setting lmssq sub-encoding to TS1/0 on input line 314.
Package textcomp Info: Setting lmvtt sub-encoding to TS1/0 on input line 315.
Package textcomp Info: Setting qhv sub-encoding to TS1/0 on input line 316.
Package textcomp Info: Setting qag sub-encoding to TS1/0 on input line 317.
Package textcomp Info: Setting qbk sub-encoding to TS1/0 on input line 318.
Package textcomp Info: Setting qcr sub-encoding to TS1/0 on input line 319.
Package textcomp Info: Setting qcs sub-encoding to TS1/0 on input line 320.
Package textcomp Info: Setting qpl sub-encoding to TS1/0 on input line 321.
Package textcomp Info: Setting qtm sub-encoding to TS1/0 on input line 322.
Package textcomp Info: Setting qzc sub-encoding to TS1/0 on input line 323.
Package textcomp Info: Setting qhvc sub-encoding to TS1/0 on input line 324.
Package textcomp Info: Setting futs sub-encoding to TS1/4 on input line 325.
Package textcomp Info: Setting futx sub-encoding to TS1/4 on input line 326.
Package textcomp Info: Setting futj sub-encoding to TS1/4 on input line 327.
Package textcomp Info: Setting hlh sub-encoding to TS1/3 on input line 328.
Package textcomp Info: Setting hls sub-encoding to TS1/3 on input line 329.
Package textcomp Info: Setting hlst sub-encoding to TS1/3 on input line 330.
Package textcomp Info: Setting hlct sub-encoding to TS1/5 on input line 331.
Package textcomp Info: Setting hlx sub-encoding to TS1/5 on input line 332.
Package textcomp Info: Setting hlce sub-encoding to TS1/5 on input line 333.
Package textcomp Info: Setting hlcn sub-encoding to TS1/5 on input line 334.
Package textcomp Info: Setting hlcw sub-encoding to TS1/5 on input line 335.
Package textcomp Info: Setting hlcf sub-encoding to TS1/5 on input line 336.
Package textcomp Info: Setting pplx sub-encoding to TS1/3 on input line 337.
Package textcomp Info: Setting pplj sub-encoding to TS1/3 on input line 338.
Package textcomp Info: Setting ptmx sub-encoding to TS1/4 on input line 339.
Package textcomp Info: Setting ptmj sub-encoding to TS1/4 on input line 340.
)
(/usr/share/texlive/texmf-dist/tex/latex/fancybox/fancybox.sty
Package: fancybox 2010/05/15 1.4

Style option: `fancybox' v1.4 <2010/05/15> (tvz)
\@fancybox=\box30
\shadowsize=\dimen105
\@Sbox=\box31
\do@VerbBox=\toks17
\the@fancyput=\toks18
\this@fancyput=\toks19
\EndVerbatimTokens=\toks20
\Verbatim@Outfile=\write3
\Verbatim@Infile=\read1
) (/usr/share/texlive/texmf-dist/tex/latex/titlesec/titlesec.sty
Package: titlesec 2011/12/15 v2.10.0 Sectioning titles
\ttl@box=\box32
\beforetitleunit=\skip63
\aftertitleunit=\skip64
\ttl@plus=\dimen106
\ttl@minus=\dimen107
\ttl@toksa=\toks21
\titlewidth=\dimen108
\titlewidthlast=\dimen109
\titlewidthfirst=\dimen110
)
(./tabulary.sty
Package: tabulary 2008/12/01 v0.9 tabulary package (DPC)
 (/usr/share/texlive/texmf-dist/tex/latex/tools/array.sty
Package: array 2014/10/28 v2.4c Tabular extension package (FMi)
\col@sep=\dimen111
\extrarowheight=\dimen112
\NC@list=\toks22
\extratabsurround=\skip65
\backup@length=\skip66
)
\TY@count=\count94
\TY@linewidth=\dimen113
\tymin=\dimen114
\tymax=\dimen115
\TY@tablewidth=\dimen116
)
(/usr/share/texlive/texmf-dist/tex/latex/amsmath/amsmath.sty
Package: amsmath 2013/01/14 v2.14 AMS math features
\@mathmargin=\skip67

For additional information on amsmath, use the `?' option.
(/usr/share/texlive/texmf-dist/tex/latex/amsmath/amstext.sty
Package: amstext 2000/06/29 v2.01

(/usr/share/texlive/texmf-dist/tex/latex/amsmath/amsgen.sty
File: amsgen.sty 1999/11/30 v2.0
\@emptytoks=\toks23
\ex@=\dimen117
))
(/usr/share/texlive/texmf-dist/tex/latex/amsmath/amsbsy.sty
Package: amsbsy 1999/11/29 v1.2d
\pmbraise@=\dimen118
)
(/usr/share/texlive/texmf-dist/tex/latex/amsmath/amsopn.sty
Package: amsopn 1999/12/14 v2.01 operator names
)
\inf@bad=\count95
LaTeX Info: Redefining \frac on input line 210.
\uproot@=\count96
\leftroot@=\count97
LaTeX Info: Redefining \overline on input line 306.
\classnum@=\count98
\DOTSCASE@=\count99
LaTeX Info: Redefining \ldots on input line 378.
LaTeX Info: Redefining \dots on input line 381.
LaTeX Info: Redefining \cdots on input line 466.
\Mathstrutbox@=\box33
\strutbox@=\box34
\big@size=\dimen119
LaTeX Font Info:    Redeclaring font encoding OML on input line 566.
LaTeX Font Info:    Redeclaring font encoding OMS on input line 567.
\macc@depth=\count100
\c@MaxMatrixCols=\count101
\dotsspace@=\muskip10
\c@parentequation=\count102
\dspbrk@lvl=\count103
\tag@help=\toks24
\row@=\count104
\column@=\count105
\maxfields@=\count106
\andhelp@=\toks25
\eqnshift@=\dimen120
\alignsep@=\dimen121
\tagshift@=\dimen122
\tagwidth@=\dimen123
\totwidth@=\dimen124
\lineht@=\dimen125
\@envbody=\toks26
\multlinegap=\skip68
\multlinetaggap=\skip69
\mathdisplay@stack=\toks27
LaTeX Info: Redefining \[ on input line 2665.
LaTeX Info: Redefining \] on input line 2666.
)
(/usr/share/texlive/texmf-dist/tex/latex/base/makeidx.sty
Package: makeidx 2014/09/29 v1.0m Standard LaTeX package
)
(/usr/share/texlive/texmf-dist/tex/latex/framed/framed.sty
Package: framed 2011/10/22 v 0.96: framed or shaded text with page breaks
\OuterFrameSep=\skip70
\fb@frw=\dimen126
\fb@frh=\dimen127
\FrameRule=\dimen128
\FrameSep=\dimen129
)
(/usr/share/texlive/texmf-dist/tex/latex/base/ifthen.sty
Package: ifthen 2014/09/29 v1.1c Standard LaTeX ifthen package (DPC)
)
(/usr/share/texlive/texmf-dist/tex/latex/graphics/color.sty
Package: color 2014/04/23 v1.1a Standard LaTeX Color (DPC)

(/usr/share/texlive/texmf-dist/tex/latex/latexconfig/color.cfg
File: color.cfg 2007/01/18 v1.5 color configuration of teTeX/TeXLive
)
Package color Info: Driver file: pdftex.def on input line 137.

(/usr/share/texlive/texmf-dist/tex/latex/pdftex-def/pdftex.def
File: pdftex.def 2011/05/27 v0.06d Graphics/color for pdfTeX

(/usr/share/texlive/texmf-dist/tex/generic/oberdiek/infwarerr.sty
Package: infwarerr 2010/04/08 v1.3 Providing info/warning/error messages (HO)
)
(/usr/share/texlive/texmf-dist/tex/generic/oberdiek/ltxcmds.sty
Package: ltxcmds 2011/11/09 v1.22 LaTeX kernel commands for general use (HO)
)
\Gread@gobject=\count107
))
(/usr/share/texlive/texmf-dist/tex/latex/fancyvrb/fancyvrb.sty
Package: fancyvrb 2008/02/07

Style option: `fancyvrb' v2.7a, with DG/SPQR fixes, and firstline=lastline fix 
<2008/02/07> (tvz) (/usr/share/texlive/texmf-dist/tex/latex/graphics/keyval.sty
Package: keyval 2014/05/08 v1.15 key=value parser (DPC)
\KV@toks@=\toks28
)
\FV@CodeLineNo=\count108
\FV@InFile=\read2
\FV@TabBox=\box35
\c@FancyVerbLine=\count109
\FV@StepNumber=\count110
\FV@OutFile=\write4
) (/usr/share/texlive/texmf-dist/tex/latex/threeparttable/threeparttable.sty
Package: threeparttable 2003/06/13  v 3.0
\@tempboxb=\box36
)
(/usr/share/texlive/texmf-dist/tex/latex/mdwtools/footnote.sty
Package: footnote 1997/01/28 1.13 Save footnotes around boxes
\fn@notes=\box37
\fn@width=\dimen130
)
(/usr/share/texlive/texmf-dist/tex/latex/wrapfig/wrapfig.sty
\wrapoverhang=\dimen131
\WF@size=\dimen132
\c@WF@wrappedlines=\count111
\WF@box=\box38
\WF@everypar=\toks29
Package: wrapfig 2003/01/31  v 3.6
)
(/usr/share/texlive/texmf-dist/tex/latex/parskip/parskip.sty
Package: parskip 2001/04/09 non-zero parskip adjustments
)
(/usr/share/texlive/texmf-dist/tex/latex/base/alltt.sty
Package: alltt 1997/06/16 v2.0g defines alltt environment
)
(/usr/share/texlive/texmf-dist/tex/latex/upquote/upquote.sty
Package: upquote 2012/04/19 v1.3 upright-quote and grave-accent glyphs in verba
tim
)
(/usr/share/texlive/texmf-dist/tex/latex/graphics/graphicx.sty
Package: graphicx 2014/04/25 v1.0g Enhanced LaTeX Graphics (DPC,SPQR)

(/usr/share/texlive/texmf-dist/tex/latex/graphics/graphics.sty
Package: graphics 2009/02/05 v1.0o Standard LaTeX Graphics (DPC,SPQR)

(/usr/share/texlive/texmf-dist/tex/latex/graphics/trig.sty
Package: trig 1999/03/16 v1.09 sin cos tan (DPC)
)
(/usr/share/texlive/texmf-dist/tex/latex/latexconfig/graphics.cfg
File: graphics.cfg 2010/04/23 v1.9 graphics configuration of TeX Live
)
Package graphics Info: Driver file: pdftex.def on input line 91.
)
\Gin@req@height=\dimen133
\Gin@req@width=\dimen134
)
(/usr/share/texlive/texmf-dist/tex/generic/pdftex/pdfcolor.tex)
\distancetoright=\skip71
\py@argswidth=\skip72
\py@noticelength=\skip73
\lineblockindentation=\skip74
\image@box=\box39
\image@width=\dimen135

(/usr/share/texlive/texmf-dist/tex/latex/hyperref/hyperref.sty
Package: hyperref 2012/11/06 v6.83m Hypertext links for LaTeX

(/usr/share/texlive/texmf-dist/tex/generic/oberdiek/hobsub-hyperref.sty
Package: hobsub-hyperref 2012/05/28 v1.13 Bundle oberdiek, subset hyperref (HO)


(/usr/share/texlive/texmf-dist/tex/generic/oberdiek/hobsub-generic.sty
Package: hobsub-generic 2012/05/28 v1.13 Bundle oberdiek, subset generic (HO)
Package: hobsub 2012/05/28 v1.13 Construct package bundles (HO)
Package hobsub Info: Skipping package `infwarerr' (already loaded).
Package hobsub Info: Skipping package `ltxcmds' (already loaded).
Package: ifluatex 2010/03/01 v1.3 Provides the ifluatex switch (HO)
Package ifluatex Info: LuaTeX not detected.
Package: ifvtex 2010/03/01 v1.5 Detect VTeX and its facilities (HO)
Package ifvtex Info: VTeX not detected.
Package: intcalc 2007/09/27 v1.1 Expandable calculations with integers (HO)
Package: ifpdf 2011/01/30 v2.3 Provides the ifpdf switch (HO)
Package ifpdf Info: pdfTeX in PDF mode is detected.
Package: etexcmds 2011/02/16 v1.5 Avoid name clashes with e-TeX commands (HO)
Package etexcmds Info: Could not find \expanded.
(etexcmds)             That can mean that you are not using pdfTeX 1.50 or
(etexcmds)             that some package has redefined \expanded.
(etexcmds)             In the latter case, load this package earlier.
Package: kvsetkeys 2012/04/25 v1.16 Key value parser (HO)
Package: kvdefinekeys 2011/04/07 v1.3 Define keys (HO)
Package: pdftexcmds 2011/11/29 v0.20 Utility functions of pdfTeX for LuaTeX (HO
)
Package pdftexcmds Info: LuaTeX not detected.
Package pdftexcmds Info: \pdf@primitive is available.
Package pdftexcmds Info: \pdf@ifprimitive is available.
Package pdftexcmds Info: \pdfdraftmode found.
Package: pdfescape 2011/11/25 v1.13 Implements pdfTeX's escape features (HO)
Package: bigintcalc 2012/04/08 v1.3 Expandable calculations on big integers (HO
)
Package: bitset 2011/01/30 v1.1 Handle bit-vector datatype (HO)
Package: uniquecounter 2011/01/30 v1.2 Provide unlimited unique counter (HO)
)
Package hobsub Info: Skipping package `hobsub' (already loaded).
Package: letltxmacro 2010/09/02 v1.4 Let assignment for LaTeX macros (HO)
Package: hopatch 2012/05/28 v1.2 Wrapper for package hooks (HO)
Package: xcolor-patch 2011/01/30 xcolor patch
Package: atveryend 2011/06/30 v1.8 Hooks at the very end of document (HO)
Package atveryend Info: \enddocument detected (standard20110627).
Package: atbegshi 2011/10/05 v1.16 At begin shipout hook (HO)
Package: refcount 2011/10/16 v3.4 Data extraction from label references (HO)
Package: hycolor 2011/01/30 v1.7 Color options for hyperref/bookmark (HO)
)
(/usr/share/texlive/texmf-dist/tex/generic/ifxetex/ifxetex.sty
Package: ifxetex 2010/09/12 v0.6 Provides ifxetex conditional
)
(/usr/share/texlive/texmf-dist/tex/latex/oberdiek/auxhook.sty
Package: auxhook 2011/03/04 v1.3 Hooks for auxiliary files (HO)
)
(/usr/share/texlive/texmf-dist/tex/latex/oberdiek/kvoptions.sty
Package: kvoptions 2011/06/30 v3.11 Key value format for package options (HO)
)
\@linkdim=\dimen136
\Hy@linkcounter=\count112
\Hy@pagecounter=\count113

(/usr/share/texlive/texmf-dist/tex/latex/hyperref/pd1enc.def
File: pd1enc.def 2012/11/06 v6.83m Hyperref: PDFDocEncoding definition (HO)
Now handling font encoding PD1 ...
... no UTF-8 mapping file for font encoding PD1
)
\Hy@SavedSpaceFactor=\count114

(/usr/share/texlive/texmf-dist/tex/latex/latexconfig/hyperref.cfg
File: hyperref.cfg 2002/06/06 v1.2 hyperref configuration of TeXLive
)
Package hyperref Info: Option `colorlinks' set `true' on input line 4319.
Package hyperref Info: Option `breaklinks' set `true' on input line 4319.
Package hyperref Info: Hyper figures OFF on input line 4443.
Package hyperref Info: Link nesting OFF on input line 4448.
Package hyperref Info: Hyper index ON on input line 4451.
Package hyperref Info: Plain pages OFF on input line 4458.
Package hyperref Info: Backreferencing OFF on input line 4463.
Package hyperref Info: Implicit mode ON; LaTeX internals redefined.
Package hyperref Info: Bookmarks ON on input line 4688.
\c@Hy@tempcnt=\count115

(/usr/share/texlive/texmf-dist/tex/latex/url/url.sty
\Urlmuskip=\muskip11
Package: url 2013/09/16  ver 3.4  Verb mode for urls, etc.
)
LaTeX Info: Redefining \url on input line 5041.
\XeTeXLinkMargin=\dimen137
\Fld@menulength=\count116
\Field@Width=\dimen138
\Fld@charsize=\dimen139
Package hyperref Info: Hyper figures OFF on input line 6295.
Package hyperref Info: Link nesting OFF on input line 6300.
Package hyperref Info: Hyper index ON on input line 6303.
Package hyperref Info: backreferencing OFF on input line 6310.
Package hyperref Info: Link coloring ON on input line 6313.
Package hyperref Info: Link coloring with OCG OFF on input line 6320.
Package hyperref Info: PDF/A mode OFF on input line 6325.
LaTeX Info: Redefining \ref on input line 6365.
LaTeX Info: Redefining \pageref on input line 6369.
\Hy@abspage=\count117
\c@Item=\count118
\c@Hfootnote=\count119
)

Package hyperref Message: Driver (autodetected): hpdftex.

(/usr/share/texlive/texmf-dist/tex/latex/hyperref/hpdftex.def
File: hpdftex.def 2012/11/06 v6.83m Hyperref driver for pdfTeX
\Fld@listcount=\count120
\c@bookmark@seq@number=\count121

(/usr/share/texlive/texmf-dist/tex/latex/oberdiek/rerunfilecheck.sty
Package: rerunfilecheck 2011/04/15 v1.7 Rerun checks for auxiliary files (HO)
Package uniquecounter Info: New unique counter `rerunfilecheck' on input line 2
82.
)
\Hy@SectionHShift=\skip75
)
(/usr/share/texlive/texmf-dist/tex/latex/oberdiek/hypcap.sty
Package: hypcap 2011/02/16 v1.11 Adjusting the anchors of captions (HO)
)
\DUlineblockindent=\skip76

(/usr/share/texlive/texmf-dist/tex/latex/float/float.sty
Package: float 2001/11/08 v1.3d Float enhancements (AL)
\c@float@type=\count122
\float@exts=\toks30
\float@box=\box40
\@float@everytoks=\toks31
\@floatcapt=\box41
)
\@float@every@literal-block=\toks32
\c@literal-block=\count123
)
(/usr/share/texlive/texmf-dist/tex/latex/multirow/multirow.sty
\bigstrutjot=\dimen140
)
\@indexfile=\write5
\openout5 = `ESCAPEv2.idx'.


Writing index file ESCAPEv2.idx
(./ESCAPEv2.aux)
\openout1 = `ESCAPEv2.aux'.

LaTeX Font Info:    Checking defaults for OML/cmm/m/it on input line 125.
LaTeX Font Info:    ... okay on input line 125.
LaTeX Font Info:    Checking defaults for T1/cmr/m/n on input line 125.
LaTeX Font Info:    ... okay on input line 125.
LaTeX Font Info:    Checking defaults for OT1/cmr/m/n on input line 125.
LaTeX Font Info:    ... okay on input line 125.
LaTeX Font Info:    Checking defaults for OMS/cmsy/m/n on input line 125.
LaTeX Font Info:    ... okay on input line 125.
LaTeX Font Info:    Checking defaults for OMX/cmex/m/n on input line 125.
LaTeX Font Info:    ... okay on input line 125.
LaTeX Font Info:    Checking defaults for U/cmr/m/n on input line 125.
LaTeX Font Info:    ... okay on input line 125.
LaTeX Font Info:    Checking defaults for TS1/cmr/m/n on input line 125.
LaTeX Font Info:    Try loading font information for TS1+cmr on input line 125.

 (/usr/share/texlive/texmf-dist/tex/latex/base/ts1cmr.fd
File: ts1cmr.fd 2014/09/29 v2.5h Standard LaTeX font definitions
)
LaTeX Font Info:    ... okay on input line 125.
LaTeX Font Info:    Checking defaults for PD1/pdf/m/n on input line 125.
LaTeX Font Info:    ... okay on input line 125.
LaTeX Font Info:    Try loading font information for T1+ptm on input line 125.

(/usr/share/texlive/texmf-dist/tex/latex/psnfss/t1ptm.fd
File: t1ptm.fd 2001/06/04 font definitions for T1/ptm.
)
(/usr/share/texlive/texmf-dist/tex/context/base/supp-pdf.mkii
[Loading MPS to PDF converter (version 2006.09.02).]
\scratchcounter=\count124
\scratchdimen=\dimen141
\scratchbox=\box42
\nofMPsegments=\count125
\nofMParguments=\count126
\everyMPshowfont=\toks33
\MPscratchCnt=\count127
\MPscratchDim=\dimen142
\MPnumerator=\count128
\makeMPintoPDFobject=\count129
\everyMPtoPDFconversion=\toks34
) (/usr/share/texlive/texmf-dist/tex/latex/oberdiek/epstopdf-base.sty
Package: epstopdf-base 2010/02/09 v2.5 Base part for package epstopdf

(/usr/share/texlive/texmf-dist/tex/latex/oberdiek/grfext.sty
Package: grfext 2010/08/19 v1.1 Manage graphics extensions (HO)
)
Package grfext Info: Graphics extension search list:
(grfext)             [.png,.pdf,.jpg,.mps,.jpeg,.jbig2,.jb2,.PNG,.PDF,.JPG,.JPE
G,.JBIG2,.JB2,.eps]
(grfext)             \AppendGraphicsExtensions on input line 452.

(/usr/share/texlive/texmf-dist/tex/latex/latexconfig/epstopdf-sys.cfg
File: epstopdf-sys.cfg 2010/07/13 v1.3 Configuration of (r)epstopdf for TeX Liv
e
))
\AtBeginShipoutBox=\box43
Package hyperref Info: Link coloring ON on input line 125.

(/usr/share/texlive/texmf-dist/tex/latex/hyperref/nameref.sty
Package: nameref 2012/10/27 v2.43 Cross-referencing by name of section

(/usr/share/texlive/texmf-dist/tex/generic/oberdiek/gettitlestring.sty
Package: gettitlestring 2010/12/03 v1.4 Cleanup title references (HO)
)
\c@section@level=\count130
)
LaTeX Info: Redefining \ref on input line 125.
LaTeX Info: Redefining \pageref on input line 125.
LaTeX Info: Redefining \nameref on input line 125.

(./ESCAPEv2.out) (./ESCAPEv2.out)
\@outlinefile=\write6
\openout6 = `ESCAPEv2.out'.


Underfull \hbox (badness 10000) in paragraph at lines 128--128

 []

LaTeX Font Info:    Try loading font information for T1+phv on input line 128.
(/usr/share/texlive/texmf-dist/tex/latex/psnfss/t1phv.fd
File: t1phv.fd 2001/06/04 scalable font definitions for T1/phv.
)
LaTeX Font Info:    Font shape `T1/phv/bx/n' in size <24.88> not available
(Font)              Font shape `T1/phv/b/n' tried instead on input line 128.
LaTeX Font Info:    Font shape `T1/phv/m/it' in size <17.28> not available
(Font)              Font shape `T1/phv/m/sl' tried instead on input line 128.
LaTeX Font Info:    Font shape `T1/phv/bx/it' in size <17.28> not available
(Font)              Font shape `T1/phv/b/it' tried instead on input line 128.
LaTeX Font Info:    Font shape `T1/phv/b/it' in size <17.28> not available
(Font)              Font shape `T1/phv/b/sl' tried instead on input line 128.
LaTeX Font Info:    Font shape `T1/phv/bx/n' in size <17.28> not available
(Font)              Font shape `T1/phv/b/n' tried instead on input line 128.
<<ot1.cmap>><<oml.cmap>><<oms.cmap>><<omx.cmap>> [1

{/var/lib/texmf/fonts/map/pdftex/updmap/pdftex.map}] [2

] (./ESCAPEv2.toc
LaTeX Font Info:    Font shape `T1/ptm/bx/n' in size <10> not available
(Font)              Font shape `T1/ptm/b/n' tried instead on input line 2.
)
\tf@toc=\write7
\openout7 = `ESCAPEv2.toc'.


Adding blank page after the table of contents.
LaTeX Font Info:    Font shape `T1/phv/bx/n' in size <10> not available
(Font)              Font shape `T1/phv/b/n' tried instead on input line 128.
[1

] [2] [1

] [2

]
Chapter 1.
LaTeX Font Info:    Font shape `T1/phv/bx/n' in size <14.4> not available
(Font)              Font shape `T1/phv/b/n' tried instead on input line 135.
LaTeX Font Info:    Font shape `T1/ptm/bx/n' in size <14.4> not available
(Font)              Font shape `T1/ptm/b/n' tried instead on input line 135.
LaTeX Font Info:    Font shape `T1/ptm/bx/n' in size <24.88> not available
(Font)              Font shape `T1/ptm/b/n' tried instead on input line 135.
LaTeX Font Info:    Try loading font information for TS1+ptm on input line 164.

(/usr/share/texlive/texmf-dist/tex/latex/psnfss/ts1ptm.fd
File: ts1ptm.fd 2001/06/04 font definitions for TS1/ptm.
) [3] [4

]
Chapter 2.
LaTeX Font Info:    Try loading font information for T1+pcr on input line 182.
(/usr/share/texlive/texmf-dist/tex/latex/psnfss/t1pcr.fd
File: t1pcr.fd 2001/06/04 font definitions for T1/pcr.
)
LaTeX Font Info:    Font shape `T1/pcr/bx/n' in size <9> not available
(Font)              Font shape `T1/pcr/b/n' tried instead on input line 183.
LaTeX Font Info:    Font shape `T1/phv/bx/n' in size <12> not available
(Font)              Font shape `T1/phv/b/n' tried instead on input line 193.
LaTeX Font Info:    Font shape `T1/phv/bx/it' in size <12> not available
(Font)              Font shape `T1/phv/b/it' tried instead on input line 193.
LaTeX Font Info:    Font shape `T1/phv/b/it' in size <12> not available
(Font)              Font shape `T1/phv/b/sl' tried instead on input line 193.
LaTeX Font Info:    Font shape `T1/phv/bx/it' in size <10> not available
(Font)              Font shape `T1/phv/b/it' tried instead on input line 196.
LaTeX Font Info:    Font shape `T1/phv/b/it' in size <10> not available
(Font)              Font shape `T1/phv/b/sl' tried instead on input line 196.
LaTeX Font Info:    Font shape `T1/phv/bx/n' in size <9> not available
(Font)              Font shape `T1/phv/b/n' tried instead on input line 204.
LaTeX Font Info:    Font shape `T1/ptm/bx/it' in size <10> not available
(Font)              Font shape `T1/ptm/b/it' tried instead on input line 207.
LaTeX Font Info:    Font shape `T1/pcr/m/it' in size <10> not available
(Font)              Font shape `T1/pcr/m/sl' tried instead on input line 217.
LaTeX Font Info:    Font shape `T1/pcr/bx/n' in size <10> not available
(Font)              Font shape `T1/pcr/b/n' tried instead on input line 228.
 [5] [6] [7]
Underfull \hbox (badness 10000) in paragraph at lines 599--600

 []


Underfull \hbox (badness 10000) in paragraph at lines 613--614

 []


Underfull \hbox (badness 10000) in paragraph at lines 627--628

 []


Underfull \hbox (badness 10000) in paragraph at lines 641--641
[]\T1/ptm/m/it/10 handler=<class es-cape.service.sas_API.ServiceRequestHandler>
\T1/ptm/m/n/10 , \T1/ptm/m/it/10 ad-
 []

[8] [9] [10]
Underfull \hbox (badness 10000) in paragraph at lines 993--996

 []

[11]
Underfull \hbox (badness 10000) in paragraph at lines 1080--1084

 []


Underfull \hbox (badness 10000) in paragraph at lines 1091--1095

 []

[12] [13]
Underfull \hbox (badness 10000) in paragraph at lines 1432--1433

 []

[14]
Underfull \hbox (badness 10000) in paragraph at lines 1446--1447

 []


Underfull \hbox (badness 10000) in paragraph at lines 1460--1461

 []

[15] [16] [17] [18]
Underfull \hbox (badness 10000) in paragraph at lines 2019--2022

 []

[19]
Underfull \hbox (badness 10000) in paragraph at lines 2186--2189

 []

[20] [21]
Underfull \hbox (badness 10000) in paragraph at lines 2444--2445

 []


Underfull \hbox (badness 10000) in paragraph at lines 2458--2459

 []


Underfull \hbox (badness 10000) in paragraph at lines 2472--2473

 []

[22]
Underfull \hbox (badness 6608) in paragraph at lines 2578--2578
[]\T1/ptm/m/it/10 name=None\T1/ptm/m/n/10 , \T1/ptm/m/it/10 ad-dress=`127.0.0.1
'\T1/ptm/m/n/10 ,
 []


Overfull \hbox (33.26447pt too wide) in paragraph at lines 2676--2677
\T1/ptm/m/n/10 Bases: [][]\T1/pcr/m/sl/10 escape.util.adapter.AbstractDomainAda
pter[][]\T1/ptm/m/n/10 , [][]\T1/pcr/m/sl/10 escape.util.adapter.VNFStarterAPI[
][] 
 []

[23]
Overfull \hbox (89.89449pt too wide) in paragraph at lines 2756--2757
\T1/ptm/m/n/10 Bases: [][]\T1/pcr/m/sl/10 escape.util.netconf.AbstractNETCONFAd
apter[][]\T1/ptm/m/n/10 , [][]\T1/pcr/m/sl/10 escape.util.adapter.AbstractDomai
nAdapter[][]\T1/ptm/m/n/10 ,
 []

[24] [25]
Overfull \hbox (71.89449pt too wide) in paragraph at lines 2984--2986
\T1/ptm/m/n/10 Bases: [][]\T1/pcr/m/sl/10 escape.util.adapter.AbstractRESTAdapt
er[][]\T1/ptm/m/n/10 , [][]\T1/pcr/m/sl/10 escape.util.adapter.AbstractDomainAd
apter[][]\T1/ptm/m/n/10 ,
 []


Underfull \hbox (badness 10000) in paragraph at lines 3004--3004
[]\T1/ptm/m/it/10 controller=None\T1/ptm/m/n/10 , \T1/ptm/m/it/10 net-
 []

[26]
Underfull \hbox (badness 10000) in paragraph at lines 3189--3190

 []


Underfull \hbox (badness 10000) in paragraph at lines 3203--3204

 []


Underfull \hbox (badness 10000) in paragraph at lines 3217--3218

 []

[27]
Underfull \hbox (badness 10000) in paragraph at lines 3280--3280
[]\T1/ptm/m/it/10 hopts=None\T1/ptm/m/n/10 , \T1/ptm/m/it/10 sopts=None\T1/ptm/
m/n/10 , \T1/ptm/m/it/10 lopts=None\T1/ptm/m/n/10 ,
 []


Underfull \hbox (badness 10000) in paragraph at lines 3344--3344
[]\T1/ptm/m/it/10 name='InternalPOXController'\T1/ptm/m/n/10 ,
 []


Underfull \hbox (badness 10000) in paragraph at lines 3344--3344
\T1/ptm/m/it/10 ip=`127.0.0.1'\T1/ptm/m/n/10 , \T1/ptm/m/it/10 port=6653\T1/ptm
/m/n/10 ,
 []

[28] [29] [30] [31] [32] [33] [34] [35] [36] [37] [38]
Underfull \hbox (badness 10000) in paragraph at lines 4769--4772

 []

[39]
LaTeX Font Info:    Try loading font information for TS1+pcr on input line 4957
.
 (/usr/share/texlive/texmf-dist/tex/latex/psnfss/ts1pcr.fd
File: ts1pcr.fd 2001/06/04 font definitions for TS1/pcr.
) [40] [41]
[42] [43] [44] [45] [46] [47] [48] [49]
LaTeX Font Info:    Font shape `T1/phv/bx/it' in size <9> not available
(Font)              Font shape `T1/phv/b/it' tried instead on input line 6343.
LaTeX Font Info:    Font shape `T1/phv/b/it' in size <9> not available
(Font)              Font shape `T1/phv/b/sl' tried instead on input line 6343.
 [50] [51] [52]
LaTeX Font Info:    Font shape `T1/pcr/m/it' in size <9> not available
(Font)              Font shape `T1/pcr/m/sl' tried instead on input line 6577.
 [53] [54]
Chapter 3.
[55

] [56

] [57

] (./ESCAPEv2.ind [58


]
Underfull \hbox (badness 8189) in paragraph at lines 5--7
[]\T1/ptm/m/n/10 _AbstractNETCONFAdapter__parse_rpc_params() (es-
 []


Underfull \hbox (badness 10000) in paragraph at lines 5--7
\T1/ptm/m/n/10 cape.util.netconf.AbstractNETCONFAdapter
 []


Underfull \hbox (badness 10000) in paragraph at lines 7--9
[]\T1/ptm/m/n/10 _AbstractNETCONFAdapter__parse_xml_response()
 []


Overfull \hbox (2.39044pt too wide) in paragraph at lines 7--9
\T1/ptm/m/n/10 (es-cape.util.netconf.AbstractNETCONFAdapter
 []


Underfull \hbox (badness 10000) in paragraph at lines 9--11
\T1/ptm/m/n/10 cape.util.netconf.AbstractNETCONFAdapter
 []


Underfull \hbox (badness 10000) in paragraph at lines 11--13
[]\T1/ptm/m/n/10 _DomainConfigurator__load_component() (es-
 []


Underfull \hbox (badness 10000) in paragraph at lines 11--13
\T1/ptm/m/n/10 cape.adapt.adaptation.DomainConfigurator
 []


Overfull \hbox (8.65039pt too wide) in paragraph at lines 13--15
[]\T1/ptm/m/n/10 _ESCAPENetworkBuilder__init_from_AbstractTopology()
 []


Underfull \hbox (badness 10000) in paragraph at lines 13--15
\T1/ptm/m/n/10 (es-cape.infr.topology.ESCAPENetworkBuilder
 []


Underfull \hbox (badness 10000) in paragraph at lines 15--17
[]\T1/ptm/m/n/10 _ESCAPENetworkBuilder__init_from_CONFIG() (es-
 []


Underfull \hbox (badness 10000) in paragraph at lines 15--17
\T1/ptm/m/n/10 cape.infr.topology.ESCAPENetworkBuilder
 []


Underfull \hbox (badness 10000) in paragraph at lines 17--19
[]\T1/ptm/m/n/10 _ESCAPENetworkBuilder__init_from_NFFG() (es-
 []


Underfull \hbox (badness 10000) in paragraph at lines 17--19
\T1/ptm/m/n/10 cape.infr.topology.ESCAPENetworkBuilder
 []


Underfull \hbox (badness 10000) in paragraph at lines 19--21
[]\T1/ptm/m/n/10 _ESCAPENetworkBuilder__init_from_dict() (es-
 []


Underfull \hbox (badness 10000) in paragraph at lines 19--21
\T1/ptm/m/n/10 cape.infr.topology.ESCAPENetworkBuilder
 []


Underfull \hbox (badness 10000) in paragraph at lines 21--23
[]\T1/ptm/m/n/10 _ESCAPENetworkBuilder__init_from_file() (es-
 []


Underfull \hbox (badness 10000) in paragraph at lines 21--23
\T1/ptm/m/n/10 cape.infr.topology.ESCAPENetworkBuilder
 []


Underfull \hbox (badness 10000) in paragraph at lines 27--28
[]\T1/ptm/m/n/10 __deepcopy__() (es-cape.util.nffg.AbstractNFFG
 []


Underfull \hbox (badness 10000) in paragraph at lines 28--29
[]\T1/ptm/m/n/10 __delitem__() (es-cape.util.misc.ESCAPEConfig
 []


Overfull \hbox (10.94011pt too wide) in paragraph at lines 29--30
[]\T1/ptm/m/n/10 __enter__() (es-cape.util.netconf.AbstractNETCONFAdapter
 []


Overfull \hbox (5.8002pt too wide) in paragraph at lines 30--31
[]\T1/ptm/m/n/10 __exit__() (es-cape.util.netconf.AbstractNETCONFAdapter
 []


Underfull \hbox (badness 10000) in paragraph at lines 31--32
[]\T1/ptm/m/n/10 __getitem__() (es-cape.util.misc.ESCAPEConfig
 []


Underfull \hbox (badness 10000) in paragraph at lines 32--33
[]\T1/ptm/m/n/10 __init__() (es-cape.adapt.adaptation.ControllerAdapter
 []


Overfull \hbox (17.78996pt too wide) in paragraph at lines 34--35
[]\T1/ptm/m/n/10 __init__() (es-cape.adapt.adaptation.DomainResourceManager
 []


Underfull \hbox (badness 10000) in paragraph at lines 35--36
[]\T1/ptm/m/n/10 __init__() (es-cape.adapt.adaptation.DomainVirtualizer
 []


Overfull \hbox (6.69998pt too wide) in paragraph at lines 36--37
[]\T1/ptm/m/n/10 __init__() (es-cape.adapt.cas_API.ControllerAdaptationAPI
 []


Underfull \hbox (badness 10000) in paragraph at lines 37--38
[]\T1/ptm/m/n/10 __init__() (es-cape.adapt.cas_API.DeployNFFGEvent
 []


Underfull \hbox (badness 10000) in paragraph at lines 38--39
[]\T1/ptm/m/n/10 __init__() (es-cape.adapt.cas_API.GlobalResInfoEvent
 []


Overfull \hbox (7.6698pt too wide) in paragraph at lines 39--40
[]\T1/ptm/m/n/10 __init__() (es-cape.adapt.cas_API.InstallationFinishedEvent
 []


Overfull \hbox (36.56998pt too wide) in paragraph at lines 40--41
[]\T1/ptm/m/n/10 __init__() (es-cape.adapt.domain_adapters.DockerDomainManager
 []


Overfull \hbox (38.33974pt too wide) in paragraph at lines 41--42
[]\T1/ptm/m/n/10 __init__() (es-cape.adapt.domain_adapters.InternalDomainManage
r
 []


Overfull \hbox (35.5797pt too wide) in paragraph at lines 42--43
[]\T1/ptm/m/n/10 __init__() (es-cape.adapt.domain_adapters.MininetDomainAdapter

 []


Overfull \hbox (51.11978pt too wide) in paragraph at lines 43--45
[]\T1/ptm/m/n/10 __init__() (es-cape.adapt.domain_adapters.OpenStackDomainManag
er
 []


Overfull \hbox (39.09001pt too wide) in paragraph at lines 45--46
[]\T1/ptm/m/n/10 __init__() (es-cape.adapt.domain_adapters.OpenStackRESTAdapter

 []


Overfull \hbox (23.51015pt too wide) in paragraph at lines 46--47
[]\T1/ptm/m/n/10 __init__() (es-cape.adapt.domain_adapters.POXDomainAdapter
 []


Overfull \hbox (18.34988pt too wide) in paragraph at lines 47--48
[]\T1/ptm/m/n/10 __init__() (es-cape.adapt.domain_adapters.VNFStarterAdapter
 []


Underfull \hbox (badness 10000) in paragraph at lines 49--50
[]\T1/ptm/m/n/10 __init__() (es-cape.infr.il_API.InfrastructureLayerAPI
 []


Underfull \hbox (badness 10000) in paragraph at lines 50--51
[]\T1/ptm/m/n/10 __init__() (es-cape.infr.topology.AbstractTopology
 []


Underfull \hbox (badness 10000) in paragraph at lines 51--52
[]\T1/ptm/m/n/10 __init__() (es-cape.infr.topology.BackupTopology
 []

[59

]
Overfull \hbox (35.2699pt too wide) in paragraph at lines 55--57
[]\T1/ptm/m/n/10 __init__() (es-cape.orchest.policy_enforcement.PolicyEnforceme
nt
 []


Underfull \hbox (badness 10000) in paragraph at lines 57--58
[]\T1/ptm/m/n/10 __init__() (es-cape.orchest.ros_API.InstallNFFGEvent
 []


Overfull \hbox (19.33972pt too wide) in paragraph at lines 58--59
[]\T1/ptm/m/n/10 __init__() (es-cape.orchest.ros_API.InstantiationFinishedEvent

 []


Overfull \hbox (19.4598pt too wide) in paragraph at lines 59--60
[]\T1/ptm/m/n/10 __init__() (es-cape.orchest.ros_API.ResourceOrchestrationAPI
 []


Underfull \hbox (badness 10000) in paragraph at lines 60--61
[]\T1/ptm/m/n/10 __init__() (es-cape.orchest.ros_API.VirtResInfoEvent
 []


Overfull \hbox (37.12004pt too wide) in paragraph at lines 61--62
[]\T1/ptm/m/n/10 __init__() (es-cape.orchest.ros_mapping.ESCAPEMappingStrategy
 []


Overfull \hbox (49.89993pt too wide) in paragraph at lines 62--64
[]\T1/ptm/m/n/10 __init__() (es-cape.orchest.ros_mapping.NFFGMappingFinishedEve
nt
 []


Overfull \hbox (53.33952pt too wide) in paragraph at lines 64--66
[]\T1/ptm/m/n/10 __init__() (es-cape.orchest.ros_mapping.ResourceOrchestrationM
apper
 []


Overfull \hbox (8.90999pt too wide) in paragraph at lines 66--67
[]\T1/ptm/m/n/10 __init__() (es-cape.orchest.ros_orchestration.NFFGManager
 []


Overfull \hbox (6.12996pt too wide) in paragraph at lines 67--68
[]\T1/ptm/m/n/10 __init__() (es-cape.orchest.ros_orchestration.NFIBManager
 []


Overfull \hbox (34.99944pt too wide) in paragraph at lines 68--70
[]\T1/ptm/m/n/10 __init__() (es-cape.orchest.ros_orchestration.ResourceOrchestr
ator
 []


Overfull \hbox (36.64893pt too wide) in paragraph at lines 70--72
[]\T1/ptm/m/n/10 __init__() (es-cape.orchest.virtualization_mgmt.AbstractVirtua
lizer
 []


Overfull \hbox (39.99918pt too wide) in paragraph at lines 72--74
[]\T1/ptm/m/n/10 __init__() (es-cape.orchest.virtualization_mgmt.ESCAPEVirtuali
zer
 []


Overfull \hbox (38.30911pt too wide) in paragraph at lines 74--76
[]\T1/ptm/m/n/10 __init__() (es-cape.orchest.virtualization_mgmt.VirtualizerMan
ager
 []


Overfull \hbox (40.56917pt too wide) in paragraph at lines 76--77
[]\T1/ptm/m/n/10 __init__() (es-cape.service.element_mgmt.AbstractElementManage
r
 []


Overfull \hbox (1.54985pt too wide) in paragraph at lines 79--80
[]\T1/ptm/m/n/10 __init__() (es-cape.service.sas_API.InstantiateNFFGEvent
 []


Underfull \hbox (badness 10000) in paragraph at lines 80--81
[]\T1/ptm/m/n/10 __init__() (es-cape.service.sas_API.ServiceLayerAPI
 []


Overfull \hbox (59.20934pt too wide) in paragraph at lines 81--83
[]\T1/ptm/m/n/10 __init__() (es-cape.service.sas_mapping.DefaultServiceMappingS
trategy
 []


Overfull \hbox (36.55984pt too wide) in paragraph at lines 83--84
[]\T1/ptm/m/n/10 __init__() (es-cape.service.sas_mapping.SGMappingFinishedEvent

 []


Overfull \hbox (16.11995pt too wide) in paragraph at lines 84--85
[]\T1/ptm/m/n/10 __init__() (es-cape.service.sas_mapping.ServiceGraphMapper
 []


Overfull \hbox (27.21927pt too wide) in paragraph at lines 86--88
[]\T1/ptm/m/n/10 __init__() (es-cape.service.sas_orchestration.ServiceOrchestra
tor
 []


Overfull \hbox (47.72914pt too wide) in paragraph at lines 88--90
[]\T1/ptm/m/n/10 __init__() (es-cape.service.sas_orchestration.VirtualResourceM
anager
 []


Underfull \hbox (badness 10000) in paragraph at lines 90--91
[]\T1/ptm/m/n/10 __init__() (es-cape.util.adapter.AbstractDomainAdapter
 []


Underfull \hbox (badness 10000) in paragraph at lines 91--92
[]\T1/ptm/m/n/10 __init__() (es-cape.util.adapter.AbstractRESTAdapter
 []


Underfull \hbox (badness 10000) in paragraph at lines 93--94
[]\T1/ptm/m/n/10 __init__() (es-cape.util.adapter.DomainChangedEvent
 []


Underfull \hbox (badness 10000) in paragraph at lines 98--99
[]\T1/ptm/m/n/10 __init__() (es-cape.util.mapping.AbstractMapper
 []


Overfull \hbox (1.01pt too wide) in paragraph at lines 99--100
[]\T1/ptm/m/n/10 __init__() (es-cape.util.mapping.AbstractMappingStrategy
 []


Underfull \hbox (badness 10000) in paragraph at lines 101--102
[]\T1/ptm/m/n/10 __init__() (es-cape.util.misc.SimpleStandaloneHelper
 []


Overfull \hbox (4.29005pt too wide) in paragraph at lines 102--103
[]\T1/ptm/m/n/10 __init__() (es-cape.util.netconf.AbstractNETCONFAdapter
 []


Overfull \hbox (46.55992pt too wide) in paragraph at lines 105--107
[]\T1/ptm/m/n/10 __init__() (es-cape.util.pox_extension.ExtendedOFConnectionArb
iter
 []


Overfull \hbox (55.52856pt too wide) in paragraph at lines 108--110
[]\T1/ptm/m/n/10 __metaclass__ (es-cape.orchest.virtualization_mgmt.AbstractVir
tualizer
 []


Underfull \hbox (badness 10000) in paragraph at lines 110--111
[]\T1/ptm/m/n/10 __metaclass__ (es-cape.util.misc.ESCAPEConfig at-
 []


Overfull \hbox (80.55934pt too wide) in paragraph at lines 112--114
[]\T1/ptm/m/n/10 __new__() (es-cape.orchest.policy_enforcement.PolicyEnforcemen
tMetaClass
 []


Underfull \hbox (badness 10000) in paragraph at lines 121--122
[]\T1/ptm/m/n/10 _abc_negative_cache_version (es-
 []

[60]
Underfull \hbox (badness 10000) in paragraph at lines 125--126
[]\T1/ptm/m/n/10 _all_dependencies_met() (es-cape.util.api.AbstractAPI
 []


Overfull \hbox (15.57pt too wide) in paragraph at lines 126--127
[]\T1/ptm/m/n/10 _core_name (es-cape.adapt.cas_API.ControllerAdaptationAPI
 []


Underfull \hbox (badness 10000) in paragraph at lines 127--128
[]\T1/ptm/m/n/10 _core_name (es-cape.infr.il_API.InfrastructureLayerAPI
 []


Overfull \hbox (28.32982pt too wide) in paragraph at lines 128--129
[]\T1/ptm/m/n/10 _core_name (es-cape.orchest.ros_API.ResourceOrchestrationAPI
 []


Underfull \hbox (badness 10000) in paragraph at lines 129--130
[]\T1/ptm/m/n/10 _core_name (es-cape.service.sas_API.ServiceLayerAPI
 []


Overfull \hbox (55.42995pt too wide) in paragraph at lines 131--133
[]\T1/ptm/m/n/10 _core_name (es-cape.util.pox_extension.ExtendedOFConnectionArb
iter
 []


Underfull \hbox (badness 10000) in paragraph at lines 133--135
[]\T1/ptm/m/n/10 _create_rpc_request() (es-
 []


Underfull \hbox (badness 10000) in paragraph at lines 133--135
\T1/ptm/m/n/10 cape.util.netconf.AbstractNETCONFAdapter
 []


Underfull \hbox (badness 10000) in paragraph at lines 135--136
[]\T1/ptm/m/n/10 _defaults (es-cape.util.mapping.AbstractMapper at-
 []


Underfull \hbox (badness 10000) in paragraph at lines 136--138
[]\T1/ptm/m/n/10 _eventMixin_events (es-
 []


Overfull \hbox (22.0203pt too wide) in paragraph at lines 136--138
\T1/ptm/m/n/10 cape.adapt.domain_adapters.MininetDomainAdapter
 []


Underfull \hbox (badness 10000) in paragraph at lines 138--139
[]\T1/ptm/m/n/10 _eventMixin_events (es-
 []


Underfull \hbox (badness 10000) in paragraph at lines 138--139
\T1/ptm/m/n/10 cape.infr.il_API.InfrastructureLayerAPI
 []


Underfull \hbox (badness 10000) in paragraph at lines 139--141
[]\T1/ptm/m/n/10 _eventMixin_events (es-
 []


Overfull \hbox (39.78012pt too wide) in paragraph at lines 139--141
\T1/ptm/m/n/10 cape.orchest.ros_mapping.ResourceOrchestrationMapper
 []


Underfull \hbox (badness 10000) in paragraph at lines 141--143
[]\T1/ptm/m/n/10 _eventMixin_events (es-
 []


Overfull \hbox (24.74971pt too wide) in paragraph at lines 141--143
\T1/ptm/m/n/10 cape.orchest.virtualization_mgmt.VirtualizerManager
 []


Underfull \hbox (badness 10000) in paragraph at lines 143--145
[]\T1/ptm/m/n/10 _eventMixin_events (es-
 []


Overfull \hbox (2.56055pt too wide) in paragraph at lines 143--145
\T1/ptm/m/n/10 cape.service.sas_mapping.ServiceGraphMapper
 []


Underfull \hbox (badness 10000) in paragraph at lines 145--147
[]\T1/ptm/m/n/10 _eventMixin_events (es-
 []


Overfull \hbox (34.16974pt too wide) in paragraph at lines 145--147
\T1/ptm/m/n/10 cape.service.sas_orchestration.VirtualResourceManager
 []


Underfull \hbox (badness 10000) in paragraph at lines 147--148
[]\T1/ptm/m/n/10 _eventMixin_events (es-
 []


Underfull \hbox (badness 10000) in paragraph at lines 147--148
\T1/ptm/m/n/10 cape.util.adapter.AbstractDomainAdapter
 []


Underfull \hbox (badness 10000) in paragraph at lines 148--150
[]\T1/ptm/m/n/10 _generate_resource_info() (es-
 []


Overfull \hbox (26.43977pt too wide) in paragraph at lines 148--150
\T1/ptm/m/n/10 cape.orchest.virtualization_mgmt.ESCAPEVirtualizer
 []


Underfull \hbox (badness 10000) in paragraph at lines 150--152
[]\T1/ptm/m/n/10 _generate_virtual_view() (es-
 []


Overfull \hbox (24.74971pt too wide) in paragraph at lines 150--152
\T1/ptm/m/n/10 cape.orchest.virtualization_mgmt.VirtualizerManager
 []


Underfull \hbox (badness 10000) in paragraph at lines 152--154
[]\T1/ptm/m/n/10 _handle_ComponentRegistered() (es-
 []


Underfull \hbox (badness 10000) in paragraph at lines 152--154
\T1/ptm/m/n/10 cape.infr.il_API.InfrastructureLayerAPI
 []


Underfull \hbox (badness 10000) in paragraph at lines 154--156
[]\T1/ptm/m/n/10 _handle_ConnectionDown() (es-
 []


Overfull \hbox (9.95074pt too wide) in paragraph at lines 154--156
\T1/ptm/m/n/10 cape.adapt.domain_adapters.POXDomainAdapter
 []


Underfull \hbox (badness 10000) in paragraph at lines 156--158
[]\T1/ptm/m/n/10 _handle_ConnectionUp() (es-
 []


Overfull \hbox (9.95074pt too wide) in paragraph at lines 156--158
\T1/ptm/m/n/10 cape.adapt.domain_adapters.POXDomainAdapter
 []


Underfull \hbox (badness 10000) in paragraph at lines 158--160
[]\T1/ptm/m/n/10 _handle_DeployEvent() (es-
 []


Underfull \hbox (badness 10000) in paragraph at lines 158--160
\T1/ptm/m/n/10 cape.adapt.cas_API.ControllerAdaptationAPI
 []


Underfull \hbox (badness 10000) in paragraph at lines 160--162
[]\T1/ptm/m/n/10 _handle_DeployNFFGEvent() (es-
 []


Underfull \hbox (badness 10000) in paragraph at lines 160--162
\T1/ptm/m/n/10 cape.infr.il_API.InfrastructureLayerAPI
 []


Underfull \hbox (badness 10000) in paragraph at lines 162--164
[]\T1/ptm/m/n/10 _handle_DeploymentFinishedEvent() (es-
 []


Underfull \hbox (badness 10000) in paragraph at lines 162--164
\T1/ptm/m/n/10 cape.adapt.cas_API.ControllerAdaptationAPI
 []


Underfull \hbox (badness 10000) in paragraph at lines 164--166
[]\T1/ptm/m/n/10 _handle_DomainChangedEvent() (es-
 []


Underfull \hbox (badness 10000) in paragraph at lines 164--166
\T1/ptm/m/n/10 cape.adapt.adaptation.ControllerAdapter
 []


Underfull \hbox (badness 10000) in paragraph at lines 166--168
[]\T1/ptm/m/n/10 _handle_GetGlobalResInfoEvent() (es-
 []


Underfull \hbox (badness 10000) in paragraph at lines 166--168
\T1/ptm/m/n/10 cape.adapt.cas_API.ControllerAdaptationAPI
 []


Underfull \hbox (badness 10000) in paragraph at lines 168--170
[]\T1/ptm/m/n/10 _handle_GetVirtResInfoEvent() (es-
 []


Overfull \hbox (5.90039pt too wide) in paragraph at lines 168--170
\T1/ptm/m/n/10 cape.orchest.ros_API.ResourceOrchestrationAPI
 []


Underfull \hbox (badness 10000) in paragraph at lines 170--172
[]\T1/ptm/m/n/10 _handle_GlobalResInfoEvent() (es-
 []


Overfull \hbox (5.90039pt too wide) in paragraph at lines 170--172
\T1/ptm/m/n/10 cape.orchest.ros_API.ResourceOrchestrationAPI
 []


Underfull \hbox (badness 10000) in paragraph at lines 172--174
[]\T1/ptm/m/n/10 _handle_InstallNFFGEvent() (es-
 []


Underfull \hbox (badness 10000) in paragraph at lines 172--174
\T1/ptm/m/n/10 cape.adapt.cas_API.ControllerAdaptationAPI
 []


Underfull \hbox (badness 10000) in paragraph at lines 174--176
[]\T1/ptm/m/n/10 _handle_InstallationFinishedEvent() (es-
 []


Overfull \hbox (5.90039pt too wide) in paragraph at lines 174--176
\T1/ptm/m/n/10 cape.orchest.ros_API.ResourceOrchestrationAPI
 []


Underfull \hbox (badness 10000) in paragraph at lines 176--178
[]\T1/ptm/m/n/10 _handle_InstantiateNFFGEvent() (es-
 []


Overfull \hbox (5.90039pt too wide) in paragraph at lines 176--178
\T1/ptm/m/n/10 cape.orchest.ros_API.ResourceOrchestrationAPI
 []


Underfull \hbox (badness 10000) in paragraph at lines 178--180
[]\T1/ptm/m/n/10 _handle_InstantiationFinishedEvent() (es-
 []


Underfull \hbox (badness 10000) in paragraph at lines 178--180
\T1/ptm/m/n/10 cape.service.sas_API.ServiceLayerAPI
 []


Underfull \hbox (badness 10000) in paragraph at lines 180--182
[]\T1/ptm/m/n/10 _handle_MissingGlobalViewEvent() (es-
 []


Overfull \hbox (5.90039pt too wide) in paragraph at lines 180--182
\T1/ptm/m/n/10 cape.orchest.ros_API.ResourceOrchestrationAPI
 []


Underfull \hbox (badness 10000) in paragraph at lines 182--184
[]\T1/ptm/m/n/10 _handle_MissingVirtualViewEvent() (es-
 []


Underfull \hbox (badness 10000) in paragraph at lines 182--184
\T1/ptm/m/n/10 cape.service.sas_API.ServiceLayerAPI
 []


Underfull \hbox (badness 10000) in paragraph at lines 184--186
[]\T1/ptm/m/n/10 _handle_NFFGMappingFinishedEvent() (es-
 []


Overfull \hbox (5.90039pt too wide) in paragraph at lines 184--186
\T1/ptm/m/n/10 cape.orchest.ros_API.ResourceOrchestrationAPI
 []


Underfull \hbox (badness 10000) in paragraph at lines 186--188
[]\T1/ptm/m/n/10 _handle_SGMappingFinishedEvent() (es-
 []


Underfull \hbox (badness 10000) in paragraph at lines 186--188
\T1/ptm/m/n/10 cape.service.sas_API.ServiceLayerAPI
 []


Underfull \hbox (badness 10000) in paragraph at lines 188--190
[]\T1/ptm/m/n/10 _handle_VirtResInfoEvent() (es-
 []


Underfull \hbox (badness 10000) in paragraph at lines 188--190
\T1/ptm/m/n/10 cape.service.sas_API.ServiceLayerAPI
 []


Underfull \hbox (badness 10000) in paragraph at lines 190--191
[]\T1/ptm/m/n/10 _init_from_json() (es-cape.util.nffg.AbstractNFFG
 []


Underfull \hbox (badness 10000) in paragraph at lines 192--193
[]\T1/ptm/m/n/10 _initiate_rest_api() (es-
 []


Underfull \hbox (badness 10000) in paragraph at lines 192--193
\T1/ptm/m/n/10 cape.service.sas_API.ServiceLayerAPI
 []

[61]
Overfull \hbox (46.12933pt too wide) in paragraph at lines 193--194
[]\T1/ptm/m/n/10 _install_NFFG() (es-cape.orchest.ros_API.ResourceOrchestration
API
 []


Underfull \hbox (badness 10000) in paragraph at lines 195--196
[]\T1/ptm/m/n/10 _instantiate_NFFG() (es-
 []


Underfull \hbox (badness 10000) in paragraph at lines 195--196
\T1/ptm/m/n/10 cape.service.sas_API.ServiceLayerAPI
 []


Overfull \hbox (20.24025pt too wide) in paragraph at lines 196--197
[]\T1/ptm/m/n/10 _invoke_rpc() (es-cape.util.netconf.AbstractNETCONFAdapter
 []


Underfull \hbox (badness 10000) in paragraph at lines 197--198
[]\T1/ptm/m/n/10 _log_event() (es-cape.util.misc.SimpleStandaloneHelper
 []


Underfull \hbox (badness 10000) in paragraph at lines 198--200
[]\T1/ptm/m/n/10 _mapping_finished() (es-
 []


Overfull \hbox (39.78012pt too wide) in paragraph at lines 198--200
\T1/ptm/m/n/10 cape.orchest.ros_mapping.ResourceOrchestrationMapper
 []


Underfull \hbox (badness 10000) in paragraph at lines 200--202
[]\T1/ptm/m/n/10 _mapping_finished() (es-
 []


Overfull \hbox (2.56055pt too wide) in paragraph at lines 200--202
\T1/ptm/m/n/10 cape.service.sas_mapping.ServiceGraphMapper
 []


Underfull \hbox (badness 10000) in paragraph at lines 202--203
[]\T1/ptm/m/n/10 _mapping_finished() (es-
 []


Underfull \hbox (badness 10000) in paragraph at lines 202--203
\T1/ptm/m/n/10 cape.util.mapping.AbstractMapper method),
 []


Underfull \hbox (badness 10000) in paragraph at lines 203--204
[]\T1/ptm/m/n/10 _parse_json_body() (es-
 []


Underfull \hbox (badness 10000) in paragraph at lines 204--206
[]\T1/ptm/m/n/10 _parse_rpc_response() (es-
 []


Underfull \hbox (badness 10000) in paragraph at lines 204--206
\T1/ptm/m/n/10 cape.util.netconf.AbstractNETCONFAdapter
 []


Underfull \hbox (badness 10000) in paragraph at lines 206--207
[]\T1/ptm/m/n/10 _proceed_API_call() (es-
 []


Underfull \hbox (badness 10000) in paragraph at lines 207--208
[]\T1/ptm/m/n/10 _process_url() (es-cape.util.api.AbstractRequestHandler
 []


Underfull \hbox (badness 10000) in paragraph at lines 208--209
[]\T1/ptm/m/n/10 _read_json_from_file() (es-cape.util.api.AbstractAPI
 []


Underfull \hbox (badness 10000) in paragraph at lines 209--210
[]\T1/ptm/m/n/10 _register_listeners() (es-
 []


Underfull \hbox (badness 10000) in paragraph at lines 209--210
\T1/ptm/m/n/10 cape.util.misc.SimpleStandaloneHelper
 []


Underfull \hbox (badness 10000) in paragraph at lines 210--211
[]\T1/ptm/m/n/10 _send_json_response() (es-
 []


Overfull \hbox (5.20001pt too wide) in paragraph at lines 211--212
[]\T1/ptm/m/n/10 _send_request() (es-cape.util.adapter.AbstractRESTAdapter
 []


Underfull \hbox (badness 10000) in paragraph at lines 212--213
[]\T1/ptm/m/n/10 _slice_into_domains() (es-
 []


Underfull \hbox (badness 10000) in paragraph at lines 212--213
\T1/ptm/m/n/10 cape.adapt.adaptation.ControllerAdapter
 []


Underfull \hbox (badness 10000) in paragraph at lines 218--219
[]\T1/ptm/m/n/10 _start_mapping() (es-cape.util.mapping.AbstractMapper
 []


Underfull \hbox (badness 10000) in paragraph at lines 225--226
[]\T1/ptm/m/n/10 AbstractElementManager (class in es-
 []


Underfull \hbox (badness 10000) in paragraph at lines 233--234
[]\T1/ptm/m/n/10 AbstractVirtualizer (class in es-
 []


Overfull \hbox (43.81969pt too wide) in paragraph at lines 234--236
[]\T1/ptm/m/n/10 activate() (es-cape.util.pox_extension.ExtendedOFConnectionArb
iter
 []


Underfull \hbox (badness 10000) in paragraph at lines 237--238
[]\T1/ptm/m/n/10 add() (es-cape.orchest.ros_orchestration.NFIBManager
 []


Underfull \hbox (badness 10000) in paragraph at lines 239--241
[]\T1/ptm/m/n/10 add_connection_listener() (es-
 []


Overfull \hbox (33.00052pt too wide) in paragraph at lines 239--241
\T1/ptm/m/n/10 cape.util.pox_extension.ExtendedOFConnectionArbiter
 []


Overfull \hbox (24.99986pt too wide) in paragraph at lines 259--260
[]\T1/ptm/m/n/10 bounded_layer (es-cape.service.sas_API.ServiceRequestHandler
 []


Underfull \hbox (badness 10000) in paragraph at lines 260--261
[]\T1/ptm/m/n/10 bounded_layer (es-cape.util.api.AbstractRequestHandler
 []


Underfull \hbox (badness 10000) in paragraph at lines 261--262
[]\T1/ptm/m/n/10 build() (es-cape.infr.topology.ESCAPENetworkBuilder
 []


Overfull \hbox (9.28983pt too wide) in paragraph at lines 266--267
[]\T1/ptm/m/n/10 call_RPC() (es-cape.util.netconf.AbstractNETCONFAdapter
 []

[62]
Overfull \hbox (22.16005pt too wide) in paragraph at lines 267--268
[]\T1/ptm/m/n/10 checkListening() (es-cape.infr.topology.InternalControllerProx
y
 []


Overfull \hbox (4.48027pt too wide) in paragraph at lines 271--272
[]\T1/ptm/m/n/10 components (es-cape.adapt.adaptation.DomainConfigurator
 []


Overfull \hbox (2.0501pt too wide) in paragraph at lines 272--273
[]\T1/ptm/m/n/10 connect() (es-cape.util.netconf.AbstractNETCONFAdapter
 []


Overfull \hbox (4.83012pt too wide) in paragraph at lines 273--274
[]\T1/ptm/m/n/10 connected (es-cape.util.netconf.AbstractNETCONFAdapter
 []


Overfull \hbox (29.82985pt too wide) in paragraph at lines 274--275
[]\T1/ptm/m/n/10 connection_data (es-cape.util.netconf.AbstractNETCONFAdapter
 []


Overfull \hbox (53.33961pt too wide) in paragraph at lines 275--276
[]\T1/ptm/m/n/10 connectVNF() (es-cape.adapt.domain_adapters.MininetDomainAdapt
er
 []


Overfull \hbox (36.1098pt too wide) in paragraph at lines 276--277
[]\T1/ptm/m/n/10 connectVNF() (es-cape.adapt.domain_adapters.VNFStarterAdapter
 []


Underfull \hbox (badness 10000) in paragraph at lines 277--278
[]\T1/ptm/m/n/10 connectVNF() (es-cape.util.adapter.VNFStarterAPI
 []


Overfull \hbox (63.8794pt too wide) in paragraph at lines 278--280
[]\T1/ptm/m/n/10 controller_name (es-cape.adapt.domain_adapters.InternalDomainM
anager
 []


Underfull \hbox (badness 10000) in paragraph at lines 280--281
[]\T1/ptm/m/n/10 ControllerAdaptationAPI (class in es-
 []


Overfull \hbox (5.75993pt too wide) in paragraph at lines 282--283
[]\T1/ptm/m/n/10 custom_headers (es-cape.util.adapter.AbstractRESTAdapter
 []


Overfull \hbox (1.28052pt too wide) in paragraph at lines 287--288
[]\T1/ptm/m/n/10 default_host_opts (es-cape.infr.topology.AbstractTopology
 []


Overfull \hbox (9.76039pt too wide) in paragraph at lines 289--290
[]\T1/ptm/m/n/10 default_opts (es-cape.infr.topology.ESCAPENetworkBuilder
 []


Underfull \hbox (badness 10000) in paragraph at lines 290--291
[]\T1/ptm/m/n/10 default_switch_opts (es-
 []


Underfull \hbox (badness 10000) in paragraph at lines 291--292
[]\T1/ptm/m/n/10 DefaultServiceMappingStrategy (class in es-
 []


Overfull \hbox (33.3297pt too wide) in paragraph at lines 294--295
[]\T1/ptm/m/n/10 dependencies (es-cape.orchest.ros_API.ResourceOrchestrationAPI

 []


Overfull \hbox (13.71988pt too wide) in paragraph at lines 300--301
[]\T1/ptm/m/n/10 disconnect() (es-cape.util.netconf.AbstractNETCONFAdapter
 []


Overfull \hbox (65.0094pt too wide) in paragraph at lines 301--302
[]\T1/ptm/m/n/10 disconnectVNF() (es-cape.adapt.domain_adapters.MininetDomainAd
apter
 []


Overfull \hbox (47.77959pt too wide) in paragraph at lines 302--303
[]\T1/ptm/m/n/10 disconnectVNF() (es-cape.adapt.domain_adapters.VNFStarterAdapt
er
 []


Underfull \hbox (badness 10000) in paragraph at lines 303--304
[]\T1/ptm/m/n/10 disconnectVNF() (es-cape.util.adapter.VNFStarterAPI
 []


Overfull \hbox (2.25006pt too wide) in paragraph at lines 304--305
[]\T1/ptm/m/n/10 do_CONNECT() (es-cape.util.api.AbstractRequestHandler
 []


Underfull \hbox (badness 10000) in paragraph at lines 305--306
[]\T1/ptm/m/n/10 do_DELETE() (es-cape.util.api.AbstractRequestHandler
 []


Underfull \hbox (badness 10000) in paragraph at lines 306--307
[]\T1/ptm/m/n/10 do_GET() (es-cape.util.api.AbstractRequestHandler
 []


Underfull \hbox (badness 10000) in paragraph at lines 307--308
[]\T1/ptm/m/n/10 do_HEAD() (es-cape.util.api.AbstractRequestHandler
 []


Underfull \hbox (badness 10000) in paragraph at lines 309--310
[]\T1/ptm/m/n/10 do_POST() (es-cape.util.api.AbstractRequestHandler
 []


Underfull \hbox (badness 10000) in paragraph at lines 310--311
[]\T1/ptm/m/n/10 do_PUT() (es-cape.util.api.AbstractRequestHandler
 []


Underfull \hbox (badness 10000) in paragraph at lines 311--312
[]\T1/ptm/m/n/10 do_TRACE() (es-cape.util.api.AbstractRequestHandler
 []


Underfull \hbox (badness 10000) in paragraph at lines 312--313
[]\T1/ptm/m/n/10 DockerDomainManager (class in es-
 []


Underfull \hbox (badness 10000) in paragraph at lines 315--316
[]\T1/ptm/m/n/10 DomainResourceManager (class in es-
 []


Underfull \hbox (badness 10000) in paragraph at lines 317--318
[]\T1/ptm/m/n/10 dov (es-cape.adapt.adaptation.DomainResourceManager
 []


Overfull \hbox (13.15962pt too wide) in paragraph at lines 318--319
[]\T1/ptm/m/n/10 dov (es-cape.orchest.virtualization_mgmt.VirtualizerManager
 []


Underfull \hbox (badness 10000) in paragraph at lines 323--324
[]\T1/ptm/m/n/10 echo() (es-cape.service.sas_API.ServiceRequestHandler
 []


Underfull \hbox (badness 10000) in paragraph at lines 325--326
[]\T1/ptm/m/n/10 error_content_type (es-
 []


Underfull \hbox (badness 10000) in paragraph at lines 325--326
\T1/ptm/m/n/10 cape.util.api.AbstractRequestHandler at-
 []

[63]
Underfull \hbox (badness 10000) in paragraph at lines 354--355
[]\T1/ptm/m/n/10 ESCAPEMappingStrategy (class in es-
 []


Underfull \hbox (badness 10000) in paragraph at lines 357--358
[]\T1/ptm/m/n/10 ESCAPEVirtualizer (class in es-
 []


Underfull \hbox (badness 10000) in paragraph at lines 358--359
[]\T1/ptm/m/n/10 ExtendedOFConnectionArbiter (class in es-
 []


Underfull \hbox (badness 10000) in paragraph at lines 362--364
[]\T1/ptm/m/n/10 filter_connections() (es-
 []


Overfull \hbox (9.95074pt too wide) in paragraph at lines 362--364
\T1/ptm/m/n/10 cape.adapt.domain_adapters.POXDomainAdapter
 []


Underfull \hbox (badness 10000) in paragraph at lines 364--365
[]\T1/ptm/m/n/10 finit() (es-cape.util.adapter.AbstractDomainManager
 []


Underfull \hbox (badness 10000) in paragraph at lines 368--369
[]\T1/ptm/m/n/10 get() (es-cape.adapt.adaptation.DomainConfigurator
 []


Underfull \hbox (badness 10000) in paragraph at lines 369--370
[]\T1/ptm/m/n/10 get() (es-cape.orchest.ros_orchestration.NFFGManager
 []


Underfull \hbox (badness 10000) in paragraph at lines 370--371
[]\T1/ptm/m/n/10 get() (es-cape.service.sas_orchestration.SGManager
 []


Underfull \hbox (badness 10000) in paragraph at lines 371--372
[]\T1/ptm/m/n/10 get() (es-cape.util.netconf.AbstractNETCONFAdapter
 []


Underfull \hbox (badness 10000) in paragraph at lines 372--373
[]\T1/ptm/m/n/10 get_clean_after_shutdown() (es-
 []


Underfull \hbox (badness 10000) in paragraph at lines 372--373
\T1/ptm/m/n/10 cape.util.misc.ESCAPEConfig method),
 []


Overfull \hbox (13.17009pt too wide) in paragraph at lines 373--374
[]\T1/ptm/m/n/10 get_config() (es-cape.util.netconf.AbstractNETCONFAdapter
 []


Underfull \hbox (badness 10000) in paragraph at lines 374--375
[]\T1/ptm/m/n/10 get_default_mgrs() (es-cape.util.misc.ESCAPEConfig
 []


Underfull \hbox (badness 10000) in paragraph at lines 375--376
[]\T1/ptm/m/n/10 get_domain_component() (es-
 []


Underfull \hbox (badness 10000) in paragraph at lines 375--376
\T1/ptm/m/n/10 cape.util.misc.ESCAPEConfig method),
 []


Underfull \hbox (badness 10000) in paragraph at lines 376--377
[]\T1/ptm/m/n/10 get_fallback_topology() (es-
 []


Underfull \hbox (badness 10000) in paragraph at lines 376--377
\T1/ptm/m/n/10 cape.util.misc.ESCAPEConfig method),
 []


Underfull \hbox (badness 10000) in paragraph at lines 377--378
[]\T1/ptm/m/n/10 get_resource_info() (es-
 []


Underfull \hbox (badness 10000) in paragraph at lines 377--378
\T1/ptm/m/n/10 cape.adapt.adaptation.DomainVirtualizer
 []


Underfull \hbox (badness 10000) in paragraph at lines 378--380
[]\T1/ptm/m/n/10 get_resource_info() (es-
 []


Overfull \hbox (23.08952pt too wide) in paragraph at lines 378--380
\T1/ptm/m/n/10 cape.orchest.virtualization_mgmt.AbstractVirtualizer
 []


Underfull \hbox (badness 10000) in paragraph at lines 380--382
[]\T1/ptm/m/n/10 get_resource_info() (es-
 []


Overfull \hbox (26.43977pt too wide) in paragraph at lines 380--382
\T1/ptm/m/n/10 cape.orchest.virtualization_mgmt.ESCAPEVirtualizer
 []


Underfull \hbox (badness 10000) in paragraph at lines 383--384
[]\T1/ptm/m/n/10 get_threaded() (es-cape.util.misc.ESCAPEConfig
 []


Overfull \hbox (72.48865pt too wide) in paragraph at lines 384--386
[]\T1/ptm/m/n/10 get_virtual_view() (es-cape.orchest.virtualization_mgmt.Virtua
lizerManager
 []


Overfull \hbox (94.12903pt too wide) in paragraph at lines 386--388
[]\T1/ptm/m/n/10 get_wrapper() (es-cape.orchest.policy_enforcement.PolicyEnforc
ementMetaClass
 []


Underfull \hbox (badness 10000) in paragraph at lines 388--389
[]\T1/ptm/m/n/10 GetGlobalResInfoEvent (class in es-
 []


Overfull \hbox (50.83998pt too wide) in paragraph at lines 389--390
[]\T1/ptm/m/n/10 getNexus() (es-cape.util.pox_extension.ExtendedOFConnectionArb
iter
 []


Overfull \hbox (51.11964pt too wide) in paragraph at lines 392--393
[]\T1/ptm/m/n/10 getVNFInfo() (es-cape.adapt.domain_adapters.MininetDomainAdapt
er
 []


Overfull \hbox (33.88983pt too wide) in paragraph at lines 393--394
[]\T1/ptm/m/n/10 getVNFInfo() (es-cape.adapt.domain_adapters.VNFStarterAdapter
 []


Underfull \hbox (badness 10000) in paragraph at lines 394--395
[]\T1/ptm/m/n/10 getVNFInfo() (es-cape.util.adapter.VNFStarterAPI
 []


Underfull \hbox (badness 10000) in paragraph at lines 399--400
[]\T1/ptm/m/n/10 info() (es-cape.util.adapter.AbstractDomainManager
 []


Underfull \hbox (badness 10000) in paragraph at lines 402--403
[]\T1/ptm/m/n/10 init() (es-cape.util.adapter.AbstractDomainManager
 []


Overfull \hbox (8.35948pt too wide) in paragraph at lines 403--404
[]\T1/ptm/m/n/10 initialize() (es-cape.adapt.cas_API.ControllerAdaptationAPI
 []


Underfull \hbox (badness 10000) in paragraph at lines 404--405
[]\T1/ptm/m/n/10 initialize() (es-cape.infr.il_API.InfrastructureLayerAPI
 []


Overfull \hbox (21.1193pt too wide) in paragraph at lines 405--406
[]\T1/ptm/m/n/10 initialize() (es-cape.orchest.ros_API.ResourceOrchestrationAPI

 []


Underfull \hbox (badness 10000) in paragraph at lines 406--407
[]\T1/ptm/m/n/10 initialize() (es-cape.service.sas_API.ServiceLayerAPI
 []


Underfull \hbox (badness 10000) in paragraph at lines 408--410
[]\T1/ptm/m/n/10 initiate_service_graph() (es-
 []


Overfull \hbox (13.65987pt too wide) in paragraph at lines 408--410
\T1/ptm/m/n/10 cape.service.sas_orchestration.ServiceOrchestrator
 []

[64]
Overfull \hbox (58.90913pt too wide) in paragraph at lines 410--412
[]\T1/ptm/m/n/10 initiate_VNFs() (es-cape.adapt.domain_adapters.MininetDomainAd
apter
 []


Overfull \hbox (50.01924pt too wide) in paragraph at lines 412--413
[]\T1/ptm/m/n/10 initiateVNF() (es-cape.adapt.domain_adapters.MininetDomainAdap
ter
 []


Overfull \hbox (32.78943pt too wide) in paragraph at lines 413--414
[]\T1/ptm/m/n/10 initiateVNF() (es-cape.adapt.domain_adapters.VNFStarterAdapter

 []


Underfull \hbox (badness 10000) in paragraph at lines 414--415
[]\T1/ptm/m/n/10 initiateVNF() (es-cape.util.adapter.VNFStarterAPI
 []


Overfull \hbox (49.08961pt too wide) in paragraph at lines 416--417
[]\T1/ptm/m/n/10 install_nffg() (es-cape.adapt.domain_adapters.DockerDomainMana
ger
 []


Overfull \hbox (50.85938pt too wide) in paragraph at lines 417--419
[]\T1/ptm/m/n/10 install_nffg() (es-cape.adapt.domain_adapters.InternalDomainMa
nager
 []


Overfull \hbox (63.63942pt too wide) in paragraph at lines 419--421
[]\T1/ptm/m/n/10 install_nffg() (es-cape.adapt.domain_adapters.OpenStackDomainM
anager
 []


Overfull \hbox (5.87964pt too wide) in paragraph at lines 421--422
[]\T1/ptm/m/n/10 install_nffg() (es-cape.util.adapter.AbstractDomainManager
 []


Overfull \hbox (0.56973pt too wide) in paragraph at lines 422--423
[]\T1/ptm/m/n/10 install_route() (es-cape.infr.il_API.InfrastructureLayerAPI
 []


Overfull \hbox (44.05956pt too wide) in paragraph at lines 423--424
[]\T1/ptm/m/n/10 install_routes() (es-cape.adapt.domain_adapters.POXDomainAdapt
er
 []


Underfull \hbox (badness 10000) in paragraph at lines 424--425
[]\T1/ptm/m/n/10 InstallationFinishedEvent (class in es-
 []


Overfull \hbox (64.17885pt too wide) in paragraph at lines 426--428
[]\T1/ptm/m/n/10 instantiate_nffg() (es-cape.orchest.ros_orchestration.Resource
Orchestrator
 []


Underfull \hbox (badness 10000) in paragraph at lines 429--430
[]\T1/ptm/m/n/10 InstantiationFinishedEvent (class in es-
 []


Underfull \hbox (badness 10000) in paragraph at lines 431--432
[]\T1/ptm/m/n/10 InternalDomainManager (class in es-
 []


Underfull \hbox (badness 10000) in paragraph at lines 443--444
[]\T1/ptm/m/n/10 load_default_mgrs() (es-
 []


Underfull \hbox (badness 10000) in paragraph at lines 443--444
\T1/ptm/m/n/10 cape.adapt.adaptation.DomainConfigurator
 []


Underfull \hbox (badness 10000) in paragraph at lines 445--446
[]\T1/ptm/m/n/10 load_internal_mgr() (es-
 []


Underfull \hbox (badness 10000) in paragraph at lines 445--446
\T1/ptm/m/n/10 cape.adapt.adaptation.DomainConfigurator
 []


Underfull \hbox (badness 10000) in paragraph at lines 448--449
[]\T1/ptm/m/n/10 log_error() (es-cape.util.api.AbstractRequestHandler
 []


Underfull \hbox (badness 10000) in paragraph at lines 449--450
[]\T1/ptm/m/n/10 log_full_message() (es-
 []


Underfull \hbox (badness 10000) in paragraph at lines 450--451
[]\T1/ptm/m/n/10 log_message() (es-cape.util.api.AbstractRequestHandler
 []


Overfull \hbox (21.0002pt too wide) in paragraph at lines 456--457
[]\T1/ptm/m/n/10 map() (es-cape.orchest.ros_mapping.ESCAPEMappingStrategy
 []


Overfull \hbox (43.0895pt too wide) in paragraph at lines 457--459
[]\T1/ptm/m/n/10 map() (es-cape.service.sas_mapping.DefaultServiceMappingStrate
gy
 []


Underfull \hbox (badness 10000) in paragraph at lines 459--460
[]\T1/ptm/m/n/10 map() (es-cape.util.mapping.AbstractMappingStrategy
 []


Underfull \hbox (badness 10000) in paragraph at lines 460--461
[]\T1/ptm/m/n/10 MininetDomainAdapter (class in es-
 []


Underfull \hbox (badness 10000) in paragraph at lines 461--462
[]\T1/ptm/m/n/10 MissingGlobalViewEvent (class in es-
 []


Underfull \hbox (badness 10000) in paragraph at lines 462--463
[]\T1/ptm/m/n/10 MissingVirtualViewEvent (class in es-
 []


Overfull \hbox (18.23016pt too wide) in paragraph at lines 467--468
[]\T1/ptm/m/n/10 name (es-cape.adapt.domain_adapters.DockerDomainManager
 []


Overfull \hbox (19.99992pt too wide) in paragraph at lines 468--469
[]\T1/ptm/m/n/10 name (es-cape.adapt.domain_adapters.InternalDomainManager
 []


Overfull \hbox (17.23988pt too wide) in paragraph at lines 469--470
[]\T1/ptm/m/n/10 name (es-cape.adapt.domain_adapters.MininetDomainAdapter
 []


Overfull \hbox (32.77997pt too wide) in paragraph at lines 470--471
[]\T1/ptm/m/n/10 name (es-cape.adapt.domain_adapters.OpenStackDomainManager
 []


Overfull \hbox (5.17033pt too wide) in paragraph at lines 471--472
[]\T1/ptm/m/n/10 name (es-cape.adapt.domain_adapters.POXDomainAdapter
 []


Underfull \hbox (badness 10000) in paragraph at lines 473--474
[]\T1/ptm/m/n/10 name (es-cape.util.adapter.AbstractDomainAdapter
 []


Underfull \hbox (badness 10000) in paragraph at lines 474--475
[]\T1/ptm/m/n/10 NETCONF_NAMESPACE (es-
 []


Underfull \hbox (badness 10000) in paragraph at lines 474--475
\T1/ptm/m/n/10 cape.util.netconf.AbstractNETCONFAdapter
 []


Underfull \hbox (badness 10000) in paragraph at lines 475--476
[]\T1/ptm/m/n/10 network (es-cape.infr.topology.ESCAPENetworkBridge
 []

[65]
Underfull \hbox (badness 10000) in paragraph at lines 477--478
[]\T1/ptm/m/n/10 NFFGManager (class in es-
 []


Underfull \hbox (badness 10000) in paragraph at lines 478--479
[]\T1/ptm/m/n/10 NFFGMappingFinishedEvent (class in es-
 []


Underfull \hbox (badness 10000) in paragraph at lines 479--480
[]\T1/ptm/m/n/10 NFIBManager (class in es-
 []


Underfull \hbox (badness 10000) in paragraph at lines 485--486
[]\T1/ptm/m/n/10 OpenStackDomainManager (class in es-
 []


Underfull \hbox (badness 10000) in paragraph at lines 486--487
[]\T1/ptm/m/n/10 OpenStackRESTAdapter (class in es-
 []


Overfull \hbox (13.88962pt too wide) in paragraph at lines 487--488
[]\T1/ptm/m/n/10 operations() (es-cape.service.sas_API.ServiceRequestHandler
 []


Overfull \hbox (63.8692pt too wide) in paragraph at lines 488--490
[]\T1/ptm/m/n/10 orchestrate() (es-cape.orchest.ros_mapping.ResourceOrchestrati
onMapper
 []


Overfull \hbox (26.64963pt too wide) in paragraph at lines 490--491
[]\T1/ptm/m/n/10 orchestrate() (es-cape.service.sas_mapping.ServiceGraphMapper
 []


Underfull \hbox (badness 10000) in paragraph at lines 491--492
[]\T1/ptm/m/n/10 orchestrate() (es-cape.util.mapping.AbstractMapper
 []


Underfull \hbox (badness 10000) in paragraph at lines 496--497
[]\T1/ptm/m/n/10 PolicyEnforcement (class in es-
 []


Underfull \hbox (badness 10000) in paragraph at lines 498--499
[]\T1/ptm/m/n/10 PolicyEnforcementMetaClass (class in es-
 []


Underfull \hbox (badness 10000) in paragraph at lines 499--500
[]\T1/ptm/m/n/10 poll() (es-cape.util.adapter.AbstractDomainAdapter
 []


Underfull \hbox (badness 10000) in paragraph at lines 500--502
[]\T1/ptm/m/n/10 post_sanity_check() (es-
 []


Overfull \hbox (21.7105pt too wide) in paragraph at lines 500--502
\T1/ptm/m/n/10 cape.orchest.policy_enforcement.PolicyEnforcement
 []


Underfull \hbox (badness 10000) in paragraph at lines 502--503
[]\T1/ptm/m/n/10 POXDomainAdapter (class in es-
 []


Underfull \hbox (badness 10000) in paragraph at lines 503--505
[]\T1/ptm/m/n/10 pre_sanity_check() (es-
 []


Overfull \hbox (21.7105pt too wide) in paragraph at lines 503--505
\T1/ptm/m/n/10 cape.orchest.policy_enforcement.PolicyEnforcement
 []


Overfull \hbox (2.48021pt too wide) in paragraph at lines 512--513
[]\T1/ptm/m/n/10 remove() (es-cape.orchest.ros_orchestration.NFIBManager
 []


Overfull \hbox (19.9996pt too wide) in paragraph at lines 513--514
[]\T1/ptm/m/n/10 request_perm (es-cape.service.sas_API.ServiceRequestHandler
 []


Underfull \hbox (badness 10000) in paragraph at lines 514--515
[]\T1/ptm/m/n/10 request_perm (es-cape.util.api.AbstractRequestHandler
 []


Overfull \hbox (9.42969pt too wide) in paragraph at lines 515--516
[]\T1/ptm/m/n/10 request_service() (es-cape.service.sas_API.ServiceLayerAPI
 []


Underfull \hbox (badness 10000) in paragraph at lines 516--517
[]\T1/ptm/m/n/10 ResourceOrchestrationAPI (class in es-
 []


Underfull \hbox (badness 10000) in paragraph at lines 517--518
[]\T1/ptm/m/n/10 ResourceOrchestrationMapper (class in es-
 []


Underfull \hbox (badness 10000) in paragraph at lines 518--519
[]\T1/ptm/m/n/10 ResourceOrchestrator (class in es-
 []


Underfull \hbox (badness 10000) in paragraph at lines 521--522
[]\T1/ptm/m/n/10 resume() (es-cape.util.adapter.AbstractDomainManager
 []


Underfull \hbox (badness 10000) in paragraph at lines 525--526
[]\T1/ptm/m/n/10 RPC_NAMESPACE (es-
 []


Overfull \hbox (4.79048pt too wide) in paragraph at lines 525--526
\T1/ptm/m/n/10 cape.adapt.domain_adapters.VNFStarterAdapter
 []


Underfull \hbox (badness 10000) in paragraph at lines 526--527
[]\T1/ptm/m/n/10 RPC_NAMESPACE (es-
 []


Underfull \hbox (badness 10000) in paragraph at lines 526--527
\T1/ptm/m/n/10 cape.util.netconf.AbstractNETCONFAdapter
 []


Underfull \hbox (badness 10000) in paragraph at lines 527--528
[]\T1/ptm/m/n/10 run() (es-cape.util.adapter.AbstractDomainManager
 []


Overfull \hbox (55.51869pt too wide) in paragraph at lines 532--534
[]\T1/ptm/m/n/10 sanity_check() (es-cape.orchest.virtualization_mgmt.AbstractVi
rtualizer
 []


Overfull \hbox (58.86894pt too wide) in paragraph at lines 534--536
[]\T1/ptm/m/n/10 sanity_check() (es-cape.orchest.virtualization_mgmt.ESCAPEVirt
ualizer
 []


Underfull \hbox (badness 7796) in paragraph at lines 536--537
[]\T1/ptm/m/n/10 save() (es-cape.orchest.ros_orchestration.NFFGManager
 []


Underfull \hbox (badness 10000) in paragraph at lines 537--538
[]\T1/ptm/m/n/10 save() (es-cape.service.sas_orchestration.SGManager
 []


Underfull \hbox (badness 10000) in paragraph at lines 539--540
[]\T1/ptm/m/n/10 send_acknowledge() (es-
 []


Underfull \hbox (badness 10000) in paragraph at lines 540--541
[]\T1/ptm/m/n/10 send_error() (es-cape.util.api.AbstractRequestHandler
 []


Underfull \hbox (badness 10000) in paragraph at lines 541--542
[]\T1/ptm/m/n/10 send_REST_headers() (es-
 []


Underfull \hbox (badness 10000) in paragraph at lines 542--543
[]\T1/ptm/m/n/10 server_version (es-cape.util.api.AbstractRequestHandler
 []


Underfull \hbox (badness 10000) in paragraph at lines 544--545
[]\T1/ptm/m/n/10 ServiceGraphMapper (class in es-
 []


Underfull \hbox (badness 10000) in paragraph at lines 546--547
[]\T1/ptm/m/n/10 ServiceOrchestrator (class in es-
 []


Underfull \hbox (badness 10000) in paragraph at lines 549--550
[]\T1/ptm/m/n/10 sg() (es-cape.service.sas_API.ServiceRequestHandler
 []

[66]
Underfull \hbox (badness 10000) in paragraph at lines 551--552
[]\T1/ptm/m/n/10 SGMappingFinishedEvent (class in es-
 []


Overfull \hbox (12.00006pt too wide) in paragraph at lines 552--553
[]\T1/ptm/m/n/10 shutdown() (es-cape.adapt.cas_API.ControllerAdaptationAPI
 []


Underfull \hbox (badness 10000) in paragraph at lines 553--554
[]\T1/ptm/m/n/10 shutdown() (es-cape.infr.il_API.InfrastructureLayerAPI
 []


Overfull \hbox (24.75987pt too wide) in paragraph at lines 554--555
[]\T1/ptm/m/n/10 shutdown() (es-cape.orchest.ros_API.ResourceOrchestrationAPI
 []


Underfull \hbox (badness 10000) in paragraph at lines 555--556
[]\T1/ptm/m/n/10 shutdown() (es-cape.service.sas_API.ServiceLayerAPI
 []


Underfull \hbox (badness 10000) in paragraph at lines 559--560
[]\T1/ptm/m/n/10 start() (es-cape.adapt.adaptation.DomainConfigurator
 []


Overfull \hbox (19.19034pt too wide) in paragraph at lines 561--562
[]\T1/ptm/m/n/10 start_network() (es-cape.infr.topology.ESCAPENetworkBridge
 []


Overfull \hbox (7.2496pt too wide) in paragraph at lines 562--563
[]\T1/ptm/m/n/10 start_polling() (es-cape.util.adapter.AbstractDomainAdapter
 []


Overfull \hbox (39.45947pt too wide) in paragraph at lines 563--564
[]\T1/ptm/m/n/10 startVNF() (es-cape.adapt.domain_adapters.MininetDomainAdapter

 []


Overfull \hbox (22.22966pt too wide) in paragraph at lines 564--565
[]\T1/ptm/m/n/10 startVNF() (es-cape.adapt.domain_adapters.VNFStarterAdapter
 []


Underfull \hbox (badness 10000) in paragraph at lines 567--568
[]\T1/ptm/m/n/10 stop() (es-cape.adapt.adaptation.DomainConfigurator
 []


Overfull \hbox (18.64055pt too wide) in paragraph at lines 569--570
[]\T1/ptm/m/n/10 stop_network() (es-cape.infr.topology.ESCAPENetworkBridge
 []


Overfull \hbox (6.69981pt too wide) in paragraph at lines 570--571
[]\T1/ptm/m/n/10 stop_polling() (es-cape.util.adapter.AbstractDomainAdapter
 []


Overfull \hbox (38.90968pt too wide) in paragraph at lines 571--572
[]\T1/ptm/m/n/10 stopVNF() (es-cape.adapt.domain_adapters.MininetDomainAdapter
 []


Overfull \hbox (21.67987pt too wide) in paragraph at lines 572--573
[]\T1/ptm/m/n/10 stopVNF() (es-cape.adapt.domain_adapters.VNFStarterAdapter
 []


Underfull \hbox (badness 10000) in paragraph at lines 574--575
[]\T1/ptm/m/n/10 suspend() (es-cape.util.adapter.AbstractDomainManager
 []


Underfull \hbox (badness 10000) in paragraph at lines 579--581
[]\T1/ptm/m/n/10 topology_config_name (es-
 []


Underfull \hbox (badness 10000) in paragraph at lines 579--581
\T1/ptm/m/n/10 cape.infr.topology.ESCAPENetworkBuilder
 []


Underfull \hbox (badness 10000) in paragraph at lines 582--583
[]\T1/ptm/m/n/10 type (es-cape.util.adapter.DomainChangedEvent at-
 []


Underfull \hbox (badness 10000) in paragraph at lines 587--589
[]\T1/ptm/m/n/10 update_resource_usage() (es-
 []


Overfull \hbox (4.23056pt too wide) in paragraph at lines 587--589
\T1/ptm/m/n/10 cape.adapt.adaptation.DomainResourceManager
 []


Overfull \hbox (1.51988pt too wide) in paragraph at lines 592--593
[]\T1/ptm/m/n/10 version() (es-cape.service.sas_API.ServiceRequestHandler
 []


Overfull \hbox (58.02893pt too wide) in paragraph at lines 594--596
[]\T1/ptm/m/n/10 virtual_view (es-cape.service.sas_orchestration.VirtualResourc
eManager
 []


Underfull \hbox (badness 10000) in paragraph at lines 596--597
[]\T1/ptm/m/n/10 VirtualizerManager (class in es-
 []


Underfull \hbox (badness 10000) in paragraph at lines 597--598
[]\T1/ptm/m/n/10 VirtualResourceManager (class in es-
 []


Underfull \hbox (badness 10000) in paragraph at lines 598--599
[]\T1/ptm/m/n/10 VNFStarterAdapter (class in es-
 []

[67])
Package atveryend Info: Empty hook `BeforeClearDocument' on input line 6755.
Package atveryend Info: Empty hook `AfterLastShipout' on input line 6755.
 (./ESCAPEv2.aux)
Package atveryend Info: Executing hook `AtVeryEndDocument' on input line 6755.
Package atveryend Info: Executing hook `AtEndAfterFileList' on input line 6755.

Package rerunfilecheck Info: File `ESCAPEv2.out' has not changed.
(rerunfilecheck)             Checksum: 871FA4E622B697AA66B19C22A9DF2A15;555.
Package atveryend Info: Empty hook `AtVeryVeryEnd' on input line 6755.
 ) 
Here is how much of TeX's memory you used:
 10385 strings out of 495020
 168402 string characters out of 6181324
 253749 words of memory out of 5000000
 12734 multiletter control sequences out of 15000+600000
 79567 words of font info for 85 fonts, out of 8000000 for 9000
 15 hyphenation exceptions out of 8191
 36i,12n,45p,442b,639s stack positions out of 5000i,500n,10000p,200000b,80000s
{/usr/share/texlive/texmf-dist/fonts/enc/dvips/base/8r.enc}</usr/share/texliv
e/texmf-dist/fonts/type1/urw/courier/ucrb8a.pfb></usr/share/texlive/texmf-dist/
fonts/type1/urw/courier/ucrr8a.pfb></usr/share/texlive/texmf-dist/fonts/type1/u
rw/courier/ucrro8a.pfb></usr/share/texlive/texmf-dist/fonts/type1/urw/helvetic/
uhvb8a.pfb></usr/share/texlive/texmf-dist/fonts/type1/urw/helvetic/uhvbo8a.pfb>
</usr/share/texlive/texmf-dist/fonts/type1/urw/helvetic/uhvr8a.pfb></usr/share/
texlive/texmf-dist/fonts/type1/urw/times/utmb8a.pfb></usr/share/texlive/texmf-d
ist/fonts/type1/urw/times/utmbi8a.pfb></usr/share/texlive/texmf-dist/fonts/type
1/urw/times/utmr8a.pfb></usr/share/texlive/texmf-dist/fonts/type1/urw/times/utm
ri8a.pfb>
Output written on ESCAPEv2.pdf (71 pages, 303438 bytes).
PDF statistics:
 1964 PDF objects out of 2073 (max. 8388607)
 1857 compressed objects within 19 object streams
 584 named destinations out of 1000 (max. 500000)
 101 words of extra memory for PDF output out of 10000 (max. 10000000)

